2025-10-24 20:45:18 [main] INFO  c.a.financiera.FinancieraApplication - Starting FinancieraApplication using Java 21.0.8 with PID 12824 (C:\Users\Orlando\Documents\Backend\financiera\target\classes started by Orlando in C:\Users\Orlando\Documents\Backend\financiera)
2025-10-24 20:45:18 [main] DEBUG c.a.financiera.FinancieraApplication - Running with Spring Boot v3.5.6, Spring v6.2.11
2025-10-24 20:45:18 [main] INFO  c.a.financiera.FinancieraApplication - No active profile set, falling back to 1 default profile: "default"
2025-10-24 20:45:25 [main] INFO  c.a.financiera.FinancieraApplication - Started FinancieraApplication in 7.947 seconds (process running for 8.324)
2025-10-24 20:45:46 [http-nio-8090-exec-2] INFO  c.a.f.c.FinancieroController - Solicitud de saldos para usuario ID: 1
2025-10-24 20:45:46 [http-nio-8090-exec-3] INFO  c.a.f.c.FinancieroController - Solicitud de resumen financiero para usuario ID: 1
2025-10-24 20:45:46 [http-nio-8090-exec-5] INFO  c.a.f.c.FinancieroController - Solicitud de comparativo financiero para usuario ID: 1
2025-10-24 20:45:46 [http-nio-8090-exec-1] INFO  c.a.f.c.FinancieroController - Solicitud de aportes para usuario ID: 1
2025-10-24 20:45:46 [http-nio-8090-exec-4] INFO  c.a.f.c.FinancieroController - Solicitud de estadísticas para usuario ID: 1
2025-10-24 20:45:47 [http-nio-8090-exec-4] INFO  c.a.f.c.FinancieroController - Estadísticas generadas correctamente para usuario ID 1
2025-10-24 20:45:47 [http-nio-8090-exec-3] INFO  c.a.f.c.FinancieroController - Resumen financiero generado correctamente para usuario ID: 1
2025-10-24 20:45:47 [http-nio-8090-exec-2] INFO  c.a.f.c.FinancieroController - Se obtuvieron 1 saldos para usuario ID 1
2025-10-24 20:45:47 [http-nio-8090-exec-1] INFO  c.a.f.c.FinancieroController - Se obtuvieron 13 aportes para usuario ID 1
2025-10-24 20:45:47 [http-nio-8090-exec-5] INFO  c.a.f.c.FinancieroController - Comparativo generado correctamente para usuario ID 1
2025-10-24 20:45:48 [http-nio-8090-exec-8] INFO  c.a.f.controller.PensionesController - Solicitando saldos para usuario: 1
2025-10-24 20:45:48 [http-nio-8090-exec-7] INFO  c.a.f.controller.PensionesController - Solicitando aportes para usuario: 1
2025-10-24 20:45:48 [http-nio-8090-exec-9] INFO  c.a.f.controller.PensionesController - Solicitando estado de pensiones para usuario: 1
2025-10-24 20:45:48 [http-nio-8090-exec-6] INFO  c.a.f.controller.PensionesController - Solicitando resumen de pensiones para usuario: 1
2025-10-24 20:45:48 [http-nio-8090-exec-6] INFO  c.a.f.service.PensionesServiceImpl - Generando resumen de pensiones para usuario: 1
2025-10-24 20:45:51 [http-nio-8090-exec-10] INFO  c.a.f.c.FinancieroController - Solicitud de resumen financiero para usuario ID: 1
2025-10-24 20:45:51 [http-nio-8090-exec-4] INFO  c.a.f.c.FinancieroController - Solicitud de aportes para usuario ID: 1
2025-10-24 20:45:51 [http-nio-8090-exec-3] INFO  c.a.f.c.FinancieroController - Solicitud de saldos para usuario ID: 1
2025-10-24 20:45:51 [http-nio-8090-exec-5] INFO  c.a.f.c.FinancieroController - Solicitud de estadísticas para usuario ID: 1
2025-10-24 20:45:51 [http-nio-8090-exec-1] INFO  c.a.f.c.FinancieroController - Solicitud de comparativo financiero para usuario ID: 1
2025-10-24 20:45:51 [http-nio-8090-exec-3] INFO  c.a.f.c.FinancieroController - Se obtuvieron 1 saldos para usuario ID 1
2025-10-24 20:45:51 [http-nio-8090-exec-4] INFO  c.a.f.c.FinancieroController - Se obtuvieron 13 aportes para usuario ID 1
2025-10-24 20:45:52 [http-nio-8090-exec-10] INFO  c.a.f.c.FinancieroController - Resumen financiero generado correctamente para usuario ID: 1
2025-10-24 20:45:52 [http-nio-8090-exec-2] INFO  c.a.f.controller.PensionesController - Solicitando resumen de pensiones para usuario: 1
2025-10-24 20:45:52 [http-nio-8090-exec-2] INFO  c.a.f.service.PensionesServiceImpl - Generando resumen de pensiones para usuario: 1
2025-10-24 20:45:52 [http-nio-8090-exec-8] INFO  c.a.f.controller.PensionesController - Solicitando aportes para usuario: 1
2025-10-24 20:45:52 [http-nio-8090-exec-9] INFO  c.a.f.controller.PensionesController - Solicitando saldos para usuario: 1
2025-10-24 20:45:52 [http-nio-8090-exec-7] INFO  c.a.f.controller.PensionesController - Solicitando estado de pensiones para usuario: 1
2025-10-24 20:45:52 [http-nio-8090-exec-5] INFO  c.a.f.c.FinancieroController - Estadísticas generadas correctamente para usuario ID 1
2025-10-24 20:45:52 [http-nio-8090-exec-1] INFO  c.a.f.c.FinancieroController - Comparativo generado correctamente para usuario ID 1
2025-10-24 20:45:54 [http-nio-8090-exec-6] INFO  c.a.f.c.ComparadorController - Solicitud de seguros por categoría: Vehicular
2025-10-24 20:45:54 [http-nio-8090-exec-10] INFO  c.a.f.c.ComparadorController - Solicitud de estadísticas para categoría: Vehicular
2025-10-24 20:45:54 [http-nio-8090-exec-6] INFO  c.a.f.service.ComparadorServiceImpl - Obteniendo seguros por categoría: Vehicular
2025-10-24 20:45:54 [http-nio-8090-exec-10] INFO  c.a.f.service.ComparadorServiceImpl - Obteniendo estadísticas para categoría: Vehicular
2025-10-24 20:45:55 [http-nio-8090-exec-3] INFO  c.a.f.c.ComparadorController - Solicitud de estadísticas para categoría: Hogar
2025-10-24 20:45:55 [http-nio-8090-exec-4] INFO  c.a.f.c.ComparadorController - Solicitud de seguros por categoría: Hogar
2025-10-24 20:45:55 [http-nio-8090-exec-3] INFO  c.a.f.service.ComparadorServiceImpl - Obteniendo estadísticas para categoría: Hogar
2025-10-24 20:45:55 [http-nio-8090-exec-4] INFO  c.a.f.service.ComparadorServiceImpl - Obteniendo seguros por categoría: Hogar
2025-10-24 20:45:56 [http-nio-8090-exec-6] INFO  c.a.f.c.ComparadorController - Solicitud de seguros por categoría: Salud
2025-10-24 20:45:56 [http-nio-8090-exec-10] INFO  c.a.f.c.ComparadorController - Solicitud de estadísticas para categoría: Salud
2025-10-24 20:45:56 [http-nio-8090-exec-10] INFO  c.a.f.service.ComparadorServiceImpl - Obteniendo estadísticas para categoría: Salud
2025-10-24 20:45:56 [http-nio-8090-exec-6] INFO  c.a.f.service.ComparadorServiceImpl - Obteniendo seguros por categoría: Salud
2025-10-24 20:46:05 [http-nio-8090-exec-1] INFO  c.a.f.c.ComparadorController - Solicitud de estadísticas para categoría: Vehicular
2025-10-24 20:46:05 [http-nio-8090-exec-5] INFO  c.a.f.c.ComparadorController - Solicitud de seguros por categoría: Vehicular
2025-10-24 20:46:05 [http-nio-8090-exec-1] INFO  c.a.f.service.ComparadorServiceImpl - Obteniendo estadísticas para categoría: Vehicular
2025-10-24 20:46:05 [http-nio-8090-exec-5] INFO  c.a.f.service.ComparadorServiceImpl - Obteniendo seguros por categoría: Vehicular
2025-10-24 20:47:59 [http-nio-8090-exec-9] INFO  c.a.f.c.ComparadorController - Solicitud de seguros por categoría: Vehicular
2025-10-24 20:47:59 [http-nio-8090-exec-7] INFO  c.a.f.c.ComparadorController - Solicitud de estadísticas para categoría: Vehicular
2025-10-24 20:47:59 [http-nio-8090-exec-9] INFO  c.a.f.service.ComparadorServiceImpl - Obteniendo seguros por categoría: Vehicular
2025-10-24 20:47:59 [http-nio-8090-exec-7] INFO  c.a.f.service.ComparadorServiceImpl - Obteniendo estadísticas para categoría: Vehicular
2025-10-24 20:48:00 [http-nio-8090-exec-6] INFO  c.a.f.c.ComparadorController - Solicitud de estadísticas para categoría: Vehicular
2025-10-24 20:48:00 [http-nio-8090-exec-6] INFO  c.a.f.service.ComparadorServiceImpl - Obteniendo estadísticas para categoría: Vehicular
2025-10-24 20:48:00 [http-nio-8090-exec-10] INFO  c.a.f.c.ComparadorController - Solicitud de seguros por categoría: Vehicular
2025-10-24 20:48:00 [http-nio-8090-exec-10] INFO  c.a.f.service.ComparadorServiceImpl - Obteniendo seguros por categoría: Vehicular
2025-10-24 20:48:22 [http-nio-8090-exec-1] INFO  c.a.f.c.ComparadorController - Solicitud de comparación de 2 planes
2025-10-24 20:48:22 [http-nio-8090-exec-1] INFO  c.a.f.service.ComparadorServiceImpl - Comparando 2 planes de seguros
2025-10-24 20:48:28 [http-nio-8090-exec-8] INFO  c.a.f.c.ComparadorController - Solicitud de comparación de 2 planes
2025-10-24 20:48:28 [http-nio-8090-exec-8] INFO  c.a.f.service.ComparadorServiceImpl - Comparando 2 planes de seguros
2025-10-24 20:48:40 [http-nio-8090-exec-9] INFO  c.a.f.c.ComparadorController - Solicitud de comparación de 3 planes
2025-10-24 20:48:40 [http-nio-8090-exec-9] INFO  c.a.f.service.ComparadorServiceImpl - Comparando 3 planes de seguros
2025-10-24 20:48:53 [http-nio-8090-exec-10] INFO  c.a.f.c.ComparadorController - Solicitud de seguros por categoría: Hogar
2025-10-24 20:48:53 [http-nio-8090-exec-3] INFO  c.a.f.c.ComparadorController - Solicitud de estadísticas para categoría: Hogar
2025-10-24 20:48:53 [http-nio-8090-exec-10] INFO  c.a.f.service.ComparadorServiceImpl - Obteniendo seguros por categoría: Hogar
2025-10-24 20:48:53 [http-nio-8090-exec-3] INFO  c.a.f.service.ComparadorServiceImpl - Obteniendo estadísticas para categoría: Hogar
2025-10-24 20:48:56 [http-nio-8090-exec-5] INFO  c.a.f.c.ComparadorController - Solicitud de estadísticas para categoría: Salud
2025-10-24 20:48:56 [http-nio-8090-exec-4] INFO  c.a.f.c.ComparadorController - Solicitud de seguros por categoría: Salud
2025-10-24 20:48:56 [http-nio-8090-exec-5] INFO  c.a.f.service.ComparadorServiceImpl - Obteniendo estadísticas para categoría: Salud
2025-10-24 20:48:56 [http-nio-8090-exec-4] INFO  c.a.f.service.ComparadorServiceImpl - Obteniendo seguros por categoría: Salud
2025-10-24 20:48:58 [http-nio-8090-exec-1] INFO  c.a.f.c.ComparadorController - Solicitud de seguros por categoría: Vida
2025-10-24 20:48:58 [http-nio-8090-exec-2] INFO  c.a.f.c.ComparadorController - Solicitud de estadísticas para categoría: Vida
2025-10-24 20:48:58 [http-nio-8090-exec-1] INFO  c.a.f.service.ComparadorServiceImpl - Obteniendo seguros por categoría: Vida
2025-10-24 20:48:58 [http-nio-8090-exec-2] INFO  c.a.f.service.ComparadorServiceImpl - Obteniendo estadísticas para categoría: Vida
2025-10-24 20:49:03 [http-nio-8090-exec-9] INFO  c.a.f.c.ComparadorController - Solicitud de comparación de 2 planes
2025-10-24 20:49:03 [http-nio-8090-exec-9] INFO  c.a.f.service.ComparadorServiceImpl - Comparando 2 planes de seguros
2025-10-24 20:49:21 [http-nio-8090-exec-3] INFO  c.a.f.controller.PensionesController - Solicitando resumen de pensiones para usuario: 1
2025-10-24 20:49:21 [http-nio-8090-exec-3] INFO  c.a.f.service.PensionesServiceImpl - Generando resumen de pensiones para usuario: 1
2025-10-24 20:49:21 [http-nio-8090-exec-10] INFO  c.a.f.controller.PensionesController - Solicitando aportes para usuario: 1
2025-10-24 20:49:21 [http-nio-8090-exec-5] INFO  c.a.f.controller.PensionesController - Solicitando estado de pensiones para usuario: 1
2025-10-24 20:49:21 [http-nio-8090-exec-4] INFO  c.a.f.controller.PensionesController - Solicitando saldos para usuario: 1
2025-10-24 20:49:21 [http-nio-8090-exec-1] INFO  c.a.f.c.FinancieroController - Solicitud de aportes para usuario ID: 1
2025-10-24 20:49:21 [http-nio-8090-exec-2] INFO  c.a.f.c.FinancieroController - Solicitud de resumen financiero para usuario ID: 1
2025-10-24 20:49:21 [http-nio-8090-exec-8] INFO  c.a.f.c.FinancieroController - Solicitud de saldos para usuario ID: 1
2025-10-24 20:49:22 [http-nio-8090-exec-7] INFO  c.a.f.c.FinancieroController - Solicitud de estadísticas para usuario ID: 1
2025-10-24 20:49:22 [http-nio-8090-exec-9] INFO  c.a.f.c.FinancieroController - Solicitud de comparativo financiero para usuario ID: 1
2025-10-24 20:49:22 [http-nio-8090-exec-1] INFO  c.a.f.c.FinancieroController - Se obtuvieron 13 aportes para usuario ID 1
2025-10-24 20:49:22 [http-nio-8090-exec-8] INFO  c.a.f.c.FinancieroController - Se obtuvieron 1 saldos para usuario ID 1
2025-10-24 20:49:23 [http-nio-8090-exec-2] INFO  c.a.f.c.FinancieroController - Resumen financiero generado correctamente para usuario ID: 1
2025-10-24 20:49:23 [http-nio-8090-exec-6] INFO  c.a.f.c.FinancieroController - Solicitud de resumen financiero para usuario ID: 1
2025-10-24 20:49:23 [http-nio-8090-exec-5] INFO  c.a.f.c.FinancieroController - Solicitud de aportes para usuario ID: 1
2025-10-24 20:49:23 [http-nio-8090-exec-10] INFO  c.a.f.c.FinancieroController - Solicitud de saldos para usuario ID: 1
2025-10-24 20:49:23 [http-nio-8090-exec-7] INFO  c.a.f.c.FinancieroController - Estadísticas generadas correctamente para usuario ID 1
2025-10-24 20:49:23 [http-nio-8090-exec-9] INFO  c.a.f.c.FinancieroController - Comparativo generado correctamente para usuario ID 1
2025-10-24 20:49:23 [http-nio-8090-exec-9] INFO  c.a.f.c.FinancieroController - Solicitud de estadísticas para usuario ID: 1
2025-10-24 20:49:23 [http-nio-8090-exec-4] INFO  c.a.f.c.FinancieroController - Solicitud de comparativo financiero para usuario ID: 1
2025-10-24 20:49:23 [http-nio-8090-exec-5] INFO  c.a.f.c.FinancieroController - Se obtuvieron 13 aportes para usuario ID 1
2025-10-24 20:49:23 [http-nio-8090-exec-10] INFO  c.a.f.c.FinancieroController - Se obtuvieron 1 saldos para usuario ID 1
2025-10-24 20:49:24 [http-nio-8090-exec-6] INFO  c.a.f.c.FinancieroController - Resumen financiero generado correctamente para usuario ID: 1
2025-10-24 20:49:24 [http-nio-8090-exec-9] INFO  c.a.f.c.FinancieroController - Estadísticas generadas correctamente para usuario ID 1
2025-10-24 20:49:24 [http-nio-8090-exec-4] INFO  c.a.f.c.FinancieroController - Comparativo generado correctamente para usuario ID 1
2025-10-24 20:49:24 [http-nio-8090-exec-2] INFO  c.a.f.c.ComparadorController - Solicitud de seguros por categoría: Vehicular
2025-10-24 20:49:24 [http-nio-8090-exec-2] INFO  c.a.f.service.ComparadorServiceImpl - Obteniendo seguros por categoría: Vehicular
2025-10-24 20:49:24 [http-nio-8090-exec-1] INFO  c.a.f.c.ComparadorController - Solicitud de estadísticas para categoría: Vehicular
2025-10-24 20:49:24 [http-nio-8090-exec-1] INFO  c.a.f.service.ComparadorServiceImpl - Obteniendo estadísticas para categoría: Vehicular
2025-10-24 20:49:25 [http-nio-8090-exec-7] INFO  c.a.f.c.FinancieroController - Solicitud de aportes para usuario ID: 1
2025-10-24 20:49:25 [http-nio-8090-exec-8] INFO  c.a.f.c.FinancieroController - Solicitud de resumen financiero para usuario ID: 1
2025-10-24 20:49:25 [http-nio-8090-exec-6] INFO  c.a.f.c.FinancieroController - Solicitud de estadísticas para usuario ID: 1
2025-10-24 20:49:25 [http-nio-8090-exec-3] INFO  c.a.f.c.FinancieroController - Solicitud de saldos para usuario ID: 1
2025-10-24 20:49:25 [http-nio-8090-exec-10] INFO  c.a.f.c.FinancieroController - Solicitud de comparativo financiero para usuario ID: 1
2025-10-24 20:49:25 [http-nio-8090-exec-7] INFO  c.a.f.c.FinancieroController - Se obtuvieron 13 aportes para usuario ID 1
2025-10-24 20:49:26 [http-nio-8090-exec-8] INFO  c.a.f.c.FinancieroController - Resumen financiero generado correctamente para usuario ID: 1
2025-10-24 20:49:26 [http-nio-8090-exec-5] INFO  c.a.f.c.FinancieroController - Solicitud de resumen financiero para usuario ID: 1
2025-10-24 20:49:26 [http-nio-8090-exec-3] INFO  c.a.f.c.FinancieroController - Se obtuvieron 1 saldos para usuario ID 1
2025-10-24 20:49:26 [http-nio-8090-exec-9] INFO  c.a.f.controller.PensionesController - Solicitando resumen de pensiones para usuario: 1
2025-10-24 20:49:26 [http-nio-8090-exec-9] INFO  c.a.f.service.PensionesServiceImpl - Generando resumen de pensiones para usuario: 1
2025-10-24 20:49:26 [http-nio-8090-exec-6] INFO  c.a.f.c.FinancieroController - Estadísticas generadas correctamente para usuario ID 1
2025-10-24 20:49:26 [http-nio-8090-exec-4] INFO  c.a.f.controller.PensionesController - Solicitando aportes para usuario: 1
2025-10-24 20:49:26 [http-nio-8090-exec-1] INFO  c.a.f.controller.PensionesController - Solicitando saldos para usuario: 1
2025-10-24 20:49:26 [http-nio-8090-exec-10] INFO  c.a.f.c.FinancieroController - Comparativo generado correctamente para usuario ID 1
2025-10-24 20:49:26 [http-nio-8090-exec-2] INFO  c.a.f.controller.PensionesController - Solicitando estado de pensiones para usuario: 1
2025-10-24 20:49:26 [http-nio-8090-exec-8] INFO  c.a.f.c.FinancieroController - Solicitud de aportes para usuario ID: 1
2025-10-24 20:49:26 [http-nio-8090-exec-5] INFO  c.a.f.c.FinancieroController - Resumen financiero generado correctamente para usuario ID: 1
2025-10-24 20:49:26 [http-nio-8090-exec-7] INFO  c.a.f.c.FinancieroController - Solicitud de estadísticas para usuario ID: 1
2025-10-24 20:49:27 [http-nio-8090-exec-6] INFO  c.a.f.c.FinancieroController - Solicitud de comparativo financiero para usuario ID: 1
2025-10-24 20:49:27 [http-nio-8090-exec-10] INFO  c.a.f.c.FinancieroController - Solicitud de saldos para usuario ID: 1
2025-10-24 20:49:27 [http-nio-8090-exec-8] INFO  c.a.f.c.FinancieroController - Se obtuvieron 13 aportes para usuario ID 1
2025-10-24 20:49:27 [http-nio-8090-exec-3] INFO  c.a.f.c.ComparadorController - Solicitud de seguros por categoría: Vehicular
2025-10-24 20:49:27 [http-nio-8090-exec-3] INFO  c.a.f.service.ComparadorServiceImpl - Obteniendo seguros por categoría: Vehicular
2025-10-24 20:49:27 [http-nio-8090-exec-5] INFO  c.a.f.c.ComparadorController - Solicitud de estadísticas para categoría: Vehicular
2025-10-24 20:49:27 [http-nio-8090-exec-5] INFO  c.a.f.service.ComparadorServiceImpl - Obteniendo estadísticas para categoría: Vehicular
2025-10-24 20:49:28 [http-nio-8090-exec-6] INFO  c.a.f.c.FinancieroController - Comparativo generado correctamente para usuario ID 1
2025-10-24 20:49:28 [http-nio-8090-exec-9] INFO  c.a.f.controller.PensionesController - Solicitando resumen de pensiones para usuario: 1
2025-10-24 20:49:28 [http-nio-8090-exec-9] INFO  c.a.f.service.PensionesServiceImpl - Generando resumen de pensiones para usuario: 1
2025-10-24 20:49:28 [http-nio-8090-exec-10] INFO  c.a.f.c.FinancieroController - Se obtuvieron 1 saldos para usuario ID 1
2025-10-24 20:49:28 [http-nio-8090-exec-7] INFO  c.a.f.c.FinancieroController - Estadísticas generadas correctamente para usuario ID 1
2025-10-24 20:49:28 [http-nio-8090-exec-1] INFO  c.a.f.c.FinancieroController - Solicitud de resumen financiero para usuario ID: 1
2025-10-24 20:49:28 [http-nio-8090-exec-2] INFO  c.a.f.controller.PensionesController - Solicitando saldos para usuario: 1
2025-10-24 20:49:28 [http-nio-8090-exec-4] INFO  c.a.f.controller.PensionesController - Solicitando estado de pensiones para usuario: 1
2025-10-24 20:49:29 [http-nio-8090-exec-6] INFO  c.a.f.controller.PensionesController - Solicitando aportes para usuario: 1
2025-10-24 20:49:29 [http-nio-8090-exec-7] INFO  c.a.f.c.FinancieroController - Solicitud de comparativo financiero para usuario ID: 1
2025-10-24 20:49:29 [http-nio-8090-exec-8] INFO  c.a.f.c.FinancieroController - Solicitud de estadísticas para usuario ID: 1
2025-10-24 20:49:29 [http-nio-8090-exec-1] INFO  c.a.f.c.FinancieroController - Resumen financiero generado correctamente para usuario ID: 1
2025-10-24 20:49:29 [http-nio-8090-exec-10] INFO  c.a.f.c.FinancieroController - Solicitud de aportes para usuario ID: 1
2025-10-24 20:49:30 [http-nio-8090-exec-5] INFO  c.a.f.c.FinancieroController - Solicitud de saldos para usuario ID: 1
2025-10-24 20:49:30 [http-nio-8090-exec-3] INFO  c.a.f.controller.PensionesController - Solicitando resumen de pensiones para usuario: 1
2025-10-24 20:49:30 [http-nio-8090-exec-3] INFO  c.a.f.service.PensionesServiceImpl - Generando resumen de pensiones para usuario: 1
2025-10-24 20:49:30 [http-nio-8090-exec-7] INFO  c.a.f.c.FinancieroController - Comparativo generado correctamente para usuario ID 1
2025-10-24 20:49:30 [http-nio-8090-exec-9] INFO  c.a.f.c.ComparadorController - Solicitud de seguros por categoría: Vehicular
2025-10-24 20:49:30 [http-nio-8090-exec-9] INFO  c.a.f.service.ComparadorServiceImpl - Obteniendo seguros por categoría: Vehicular
2025-10-24 20:49:30 [http-nio-8090-exec-10] INFO  c.a.f.c.FinancieroController - Se obtuvieron 13 aportes para usuario ID 1
2025-10-24 20:49:30 [http-nio-8090-exec-8] INFO  c.a.f.c.FinancieroController - Estadísticas generadas correctamente para usuario ID 1
2025-10-24 20:49:30 [http-nio-8090-exec-1] INFO  c.a.f.c.ComparadorController - Solicitud de estadísticas para categoría: Vehicular
2025-10-24 20:49:30 [http-nio-8090-exec-1] INFO  c.a.f.service.ComparadorServiceImpl - Obteniendo estadísticas para categoría: Vehicular
2025-10-24 20:49:30 [http-nio-8090-exec-4] INFO  c.a.f.c.FinancieroController - Solicitud de resumen financiero para usuario ID: 1
2025-10-24 20:49:30 [http-nio-8090-exec-5] INFO  c.a.f.c.FinancieroController - Se obtuvieron 1 saldos para usuario ID 1
2025-10-24 20:49:31 [http-nio-8090-exec-2] INFO  c.a.f.controller.PensionesController - Solicitando estado de pensiones para usuario: 1
2025-10-24 20:49:31 [http-nio-8090-exec-7] INFO  c.a.f.controller.PensionesController - Solicitando saldos para usuario: 1
2025-10-24 20:49:31 [http-nio-8090-exec-8] INFO  c.a.f.c.FinancieroController - Solicitud de comparativo financiero para usuario ID: 1
2025-10-24 20:49:32 [http-nio-8090-exec-4] INFO  c.a.f.c.FinancieroController - Resumen financiero generado correctamente para usuario ID: 1
2025-10-24 20:49:32 [http-nio-8090-exec-6] INFO  c.a.f.c.FinancieroController - Solicitud de estadísticas para usuario ID: 1
2025-10-24 20:49:32 [http-nio-8090-exec-10] INFO  c.a.f.controller.PensionesController - Solicitando aportes para usuario: 1
2025-10-24 20:49:32 [http-nio-8090-exec-5] INFO  c.a.f.c.FinancieroController - Solicitud de aportes para usuario ID: 1
2025-10-24 20:49:32 [http-nio-8090-exec-8] INFO  c.a.f.c.FinancieroController - Comparativo generado correctamente para usuario ID 1
2025-10-24 20:49:32 [http-nio-8090-exec-3] INFO  c.a.f.c.FinancieroController - Solicitud de saldos para usuario ID: 1
2025-10-24 20:49:32 [http-nio-8090-exec-4] INFO  c.a.f.controller.PensionesController - Solicitando resumen de pensiones para usuario: 1
2025-10-24 20:49:32 [http-nio-8090-exec-4] INFO  c.a.f.service.PensionesServiceImpl - Generando resumen de pensiones para usuario: 1
2025-10-24 20:49:32 [http-nio-8090-exec-1] INFO  c.a.f.c.FinancieroController - Solicitud de resumen financiero para usuario ID: 1
2025-10-24 20:49:33 [http-nio-8090-exec-6] INFO  c.a.f.c.FinancieroController - Estadísticas generadas correctamente para usuario ID 1
2025-10-24 20:49:33 [http-nio-8090-exec-9] INFO  c.a.f.c.FinancieroController - Solicitud de comparativo financiero para usuario ID: 1
2025-10-24 20:49:33 [http-nio-8090-exec-5] INFO  c.a.f.c.FinancieroController - Se obtuvieron 13 aportes para usuario ID 1
2025-10-24 20:49:33 [http-nio-8090-exec-8] INFO  c.a.f.controller.PensionesController - Solicitando estado de pensiones para usuario: 1
2025-10-24 20:49:33 [http-nio-8090-exec-3] INFO  c.a.f.c.FinancieroController - Se obtuvieron 1 saldos para usuario ID 1
2025-10-24 20:49:33 [http-nio-8090-exec-2] INFO  c.a.f.controller.PensionesController - Solicitando saldos para usuario: 1
2025-10-24 20:49:33 [http-nio-8090-exec-7] INFO  c.a.f.c.FinancieroController - Solicitud de estadísticas para usuario ID: 1
2025-10-24 20:49:34 [http-nio-8090-exec-6] INFO  c.a.f.controller.PensionesController - Solicitando aportes para usuario: 1
2025-10-24 20:49:34 [http-nio-8090-exec-9] INFO  c.a.f.c.FinancieroController - Comparativo generado correctamente para usuario ID 1
2025-10-24 20:49:34 [http-nio-8090-exec-10] INFO  c.a.f.c.FinancieroController - Solicitud de aportes para usuario ID: 1
2025-10-24 20:49:34 [http-nio-8090-exec-1] INFO  c.a.f.c.FinancieroController - Resumen financiero generado correctamente para usuario ID: 1
2025-10-24 20:49:34 [http-nio-8090-exec-5] INFO  c.a.f.c.FinancieroController - Solicitud de saldos para usuario ID: 1
2025-10-24 20:49:34 [http-nio-8090-exec-7] INFO  c.a.f.c.FinancieroController - Estadísticas generadas correctamente para usuario ID 1
2025-10-24 20:49:34 [http-nio-8090-exec-10] INFO  c.a.f.c.FinancieroController - Se obtuvieron 13 aportes para usuario ID 1
2025-10-24 20:49:35 [http-nio-8090-exec-5] INFO  c.a.f.c.FinancieroController - Se obtuvieron 1 saldos para usuario ID 1
2025-10-24 20:49:35 [http-nio-8090-exec-3] INFO  c.a.f.c.AdminUsuarioController - Listando usuarios - Búsqueda: null, Estado: null
2025-10-24 20:49:43 [http-nio-8090-exec-9] INFO  c.a.f.c.ComparadorController - Solicitud de estadísticas para categoría: Vehicular
2025-10-24 20:49:43 [http-nio-8090-exec-10] INFO  c.a.f.c.ComparadorController - Solicitud de seguros por categoría: Vehicular
2025-10-24 20:49:43 [http-nio-8090-exec-9] INFO  c.a.f.service.ComparadorServiceImpl - Obteniendo estadísticas para categoría: Vehicular
2025-10-24 20:49:43 [http-nio-8090-exec-10] INFO  c.a.f.service.ComparadorServiceImpl - Obteniendo seguros por categoría: Vehicular
2025-10-24 21:44:30 [http-nio-8090-exec-6] INFO  c.a.f.c.FinancieroController - Solicitud de resumen financiero para usuario ID: 1
2025-10-24 21:44:30 [http-nio-8090-exec-5] INFO  c.a.f.c.FinancieroController - Solicitud de estadísticas para usuario ID: 1
2025-10-24 21:44:30 [http-nio-8090-exec-2] INFO  c.a.f.c.FinancieroController - Solicitud de saldos para usuario ID: 1
2025-10-24 21:44:30 [http-nio-8090-exec-8] INFO  c.a.f.c.FinancieroController - Solicitud de comparativo financiero para usuario ID: 1
2025-10-24 21:44:30 [http-nio-8090-exec-4] INFO  c.a.f.c.FinancieroController - Solicitud de aportes para usuario ID: 1
2025-10-24 21:44:30 [http-nio-8090-exec-2] INFO  c.a.f.c.FinancieroController - Se obtuvieron 1 saldos para usuario ID 1
2025-10-24 21:44:31 [http-nio-8090-exec-8] INFO  c.a.f.c.FinancieroController - Comparativo generado correctamente para usuario ID 1
2025-10-24 21:44:31 [http-nio-8090-exec-5] INFO  c.a.f.c.FinancieroController - Estadísticas generadas correctamente para usuario ID 1
2025-10-24 21:44:31 [http-nio-8090-exec-4] INFO  c.a.f.c.FinancieroController - Se obtuvieron 13 aportes para usuario ID 1
2025-10-24 21:44:31 [http-nio-8090-exec-6] INFO  c.a.f.c.FinancieroController - Resumen financiero generado correctamente para usuario ID: 1
2025-10-24 21:57:10 [main] INFO  c.a.financiera.FinancieraApplication - Starting FinancieraApplication using Java 21.0.8 with PID 15792 (C:\Users\Orlando\Documents\Backend\financiera\target\classes started by Orlando in C:\Users\Orlando\Documents\Backend\financiera)
2025-10-24 21:57:10 [main] DEBUG c.a.financiera.FinancieraApplication - Running with Spring Boot v3.5.6, Spring v6.2.11
2025-10-24 21:57:10 [main] INFO  c.a.financiera.FinancieraApplication - No active profile set, falling back to 1 default profile: "default"
2025-10-24 21:57:17 [main] INFO  c.a.financiera.FinancieraApplication - Started FinancieraApplication in 7.795 seconds (process running for 8.197)
2025-10-24 21:57:28 [http-nio-8090-exec-4] INFO  c.a.f.controller.SegurosController - Solicitud de pagos pendientes para usuario: 1
2025-10-24 21:57:28 [http-nio-8090-exec-3] INFO  c.a.f.controller.SegurosController - Solicitud de resumen de seguros para usuario: 1
2025-10-24 21:57:28 [http-nio-8090-exec-2] INFO  c.a.f.controller.SegurosController - Solicitud de pólizas para usuario: 1
2025-10-24 21:57:28 [http-nio-8090-exec-1] INFO  c.a.f.controller.SegurosController - Solicitud de trámites para usuario: 1
2025-10-24 21:57:28 [http-nio-8090-exec-3] INFO  c.a.f.service.SegurosServiceImpl - Generando resumen administrativo de seguros para usuario: 1
2025-10-24 21:58:39 [http-nio-8090-exec-9] INFO  c.a.f.controller.PensionesController - Solicitando resumen de pensiones para usuario: 1
2025-10-24 21:58:39 [http-nio-8090-exec-9] INFO  c.a.f.service.PensionesServiceImpl - Generando resumen de pensiones para usuario: 1
2025-10-24 21:58:39 [http-nio-8090-exec-4] INFO  c.a.f.controller.PensionesController - Solicitando estado de pensiones para usuario: 1
2025-10-24 21:58:39 [http-nio-8090-exec-10] INFO  c.a.f.controller.PensionesController - Solicitando aportes para usuario: 1
2025-10-24 21:58:39 [http-nio-8090-exec-1] INFO  c.a.f.controller.PensionesController - Solicitando saldos para usuario: 1
2025-10-24 21:58:39 [http-nio-8090-exec-7] INFO  c.a.f.c.FinancieroController - Solicitud de aportes para usuario ID: 1
2025-10-24 21:58:39 [http-nio-8090-exec-2] INFO  c.a.f.c.FinancieroController - Solicitud de resumen financiero para usuario ID: 1
2025-10-24 21:58:39 [http-nio-8090-exec-6] INFO  c.a.f.c.FinancieroController - Solicitud de saldos para usuario ID: 1
2025-10-24 21:58:40 [http-nio-8090-exec-5] INFO  c.a.f.c.FinancieroController - Solicitud de estadísticas para usuario ID: 1
2025-10-24 21:58:40 [http-nio-8090-exec-7] INFO  c.a.f.c.FinancieroController - Se obtuvieron 13 aportes para usuario ID 1
2025-10-24 21:58:40 [http-nio-8090-exec-3] INFO  c.a.f.c.FinancieroController - Solicitud de comparativo financiero para usuario ID: 1
2025-10-24 21:58:40 [http-nio-8090-exec-6] INFO  c.a.f.c.FinancieroController - Se obtuvieron 1 saldos para usuario ID 1
2025-10-24 21:58:40 [http-nio-8090-exec-2] INFO  c.a.f.c.FinancieroController - Resumen financiero generado correctamente para usuario ID: 1
2025-10-24 21:58:41 [http-nio-8090-exec-8] INFO  c.a.f.c.FinancieroController - Solicitud de resumen financiero para usuario ID: 1
2025-10-24 21:58:41 [http-nio-8090-exec-4] INFO  c.a.f.c.FinancieroController - Solicitud de aportes para usuario ID: 1
2025-10-24 21:58:41 [http-nio-8090-exec-3] INFO  c.a.f.c.FinancieroController - Comparativo generado correctamente para usuario ID 1
2025-10-24 21:58:41 [http-nio-8090-exec-9] INFO  c.a.f.c.FinancieroController - Solicitud de comparativo financiero para usuario ID: 1
2025-10-24 21:58:41 [http-nio-8090-exec-1] INFO  c.a.f.controller.PensionesController - Solicitando resumen de pensiones para usuario: 1
2025-10-24 21:58:41 [http-nio-8090-exec-1] INFO  c.a.f.service.PensionesServiceImpl - Generando resumen de pensiones para usuario: 1
2025-10-24 21:58:41 [http-nio-8090-exec-5] INFO  c.a.f.c.FinancieroController - Estadísticas generadas correctamente para usuario ID 1
2025-10-24 21:58:41 [http-nio-8090-exec-10] INFO  c.a.f.controller.PensionesController - Solicitando aportes para usuario: 1
2025-10-24 21:58:41 [http-nio-8090-exec-2] INFO  c.a.f.controller.PensionesController - Solicitando saldos para usuario: 1
2025-10-24 21:58:41 [http-nio-8090-exec-4] INFO  c.a.f.c.FinancieroController - Se obtuvieron 13 aportes para usuario ID 1
2025-10-24 21:58:41 [http-nio-8090-exec-9] INFO  c.a.f.c.FinancieroController - Comparativo generado correctamente para usuario ID 1
2025-10-24 21:58:41 [http-nio-8090-exec-7] INFO  c.a.f.controller.PensionesController - Solicitando estado de pensiones para usuario: 1
2025-10-24 21:58:41 [http-nio-8090-exec-8] INFO  c.a.f.c.FinancieroController - Resumen financiero generado correctamente para usuario ID: 1
2025-10-24 21:58:41 [http-nio-8090-exec-3] INFO  c.a.f.c.FinancieroController - Solicitud de estadísticas para usuario ID: 1
2025-10-24 21:58:42 [http-nio-8090-exec-5] INFO  c.a.f.c.FinancieroController - Solicitud de saldos para usuario ID: 1
2025-10-24 21:58:42 [http-nio-8090-exec-6] INFO  c.a.f.controller.SegurosController - Solicitud de resumen de seguros para usuario: 1
2025-10-24 21:58:42 [http-nio-8090-exec-6] INFO  c.a.f.service.SegurosServiceImpl - Generando resumen administrativo de seguros para usuario: 1
2025-10-24 21:58:42 [http-nio-8090-exec-9] INFO  c.a.f.controller.SegurosController - Solicitud de pólizas para usuario: 1
2025-10-24 21:58:42 [http-nio-8090-exec-8] INFO  c.a.f.controller.SegurosController - Solicitud de pagos pendientes para usuario: 1
2025-10-24 21:58:43 [http-nio-8090-exec-4] INFO  c.a.f.controller.SegurosController - Solicitud de trámites para usuario: 1
2025-10-24 21:58:43 [http-nio-8090-exec-5] INFO  c.a.f.c.FinancieroController - Se obtuvieron 1 saldos para usuario ID 1
2025-10-24 21:58:43 [http-nio-8090-exec-3] INFO  c.a.f.c.FinancieroController - Estadísticas generadas correctamente para usuario ID 1
2025-10-24 21:58:43 [http-nio-8090-exec-1] INFO  c.a.f.c.ComparadorController - Solicitud de seguros por categoría: Vehicular
2025-10-24 21:58:43 [http-nio-8090-exec-1] INFO  c.a.f.service.ComparadorServiceImpl - Obteniendo seguros por categoría: Vehicular
2025-10-24 21:58:43 [http-nio-8090-exec-10] INFO  c.a.f.c.ComparadorController - Solicitud de estadísticas para categoría: Vehicular
2025-10-24 21:58:43 [http-nio-8090-exec-10] INFO  c.a.f.service.ComparadorServiceImpl - Obteniendo estadísticas para categoría: Vehicular
2025-10-24 22:11:37 [http-nio-8090-exec-1] INFO  c.a.f.c.FinancieroController - Solicitud de saldos para usuario ID: 1
2025-10-24 22:11:37 [http-nio-8090-exec-9] INFO  c.a.f.c.FinancieroController - Solicitud de resumen financiero para usuario ID: 1
2025-10-24 22:11:37 [http-nio-8090-exec-10] INFO  c.a.f.c.FinancieroController - Solicitud de aportes para usuario ID: 1
2025-10-24 22:11:37 [http-nio-8090-exec-6] INFO  c.a.f.c.FinancieroController - Solicitud de estadísticas para usuario ID: 1
2025-10-24 22:11:37 [http-nio-8090-exec-2] INFO  c.a.f.c.FinancieroController - Solicitud de comparativo financiero para usuario ID: 1
2025-10-24 22:11:37 [http-nio-8090-exec-1] INFO  c.a.f.c.FinancieroController - Se obtuvieron 1 saldos para usuario ID 1
2025-10-24 22:11:38 [http-nio-8090-exec-10] INFO  c.a.f.c.FinancieroController - Se obtuvieron 13 aportes para usuario ID 1
2025-10-24 22:11:38 [http-nio-8090-exec-9] INFO  c.a.f.c.FinancieroController - Resumen financiero generado correctamente para usuario ID: 1
2025-10-24 22:11:39 [http-nio-8090-exec-2] INFO  c.a.f.c.FinancieroController - Comparativo generado correctamente para usuario ID 1
2025-10-24 22:11:39 [http-nio-8090-exec-6] INFO  c.a.f.c.FinancieroController - Estadísticas generadas correctamente para usuario ID 1
2025-10-24 22:12:06 [http-nio-8090-exec-7] INFO  c.a.f.controller.PensionesController - Solicitando aportes para usuario: 1
2025-10-24 22:12:06 [http-nio-8090-exec-1] INFO  c.a.f.controller.PensionesController - Solicitando resumen de pensiones para usuario: 1
2025-10-24 22:12:06 [http-nio-8090-exec-1] INFO  c.a.f.service.PensionesServiceImpl - Generando resumen de pensiones para usuario: 1
2025-10-24 22:12:06 [http-nio-8090-exec-9] INFO  c.a.f.controller.PensionesController - Solicitando saldos para usuario: 1
2025-10-24 22:12:06 [http-nio-8090-exec-2] INFO  c.a.f.controller.PensionesController - Solicitando estado de pensiones para usuario: 1
2025-10-24 22:12:14 [http-nio-8090-exec-1] INFO  c.a.f.controller.PensionesController - Solicitando saldos para usuario: 1
2025-10-24 22:12:14 [http-nio-8090-exec-8] INFO  c.a.f.controller.PensionesController - Solicitando resumen de pensiones para usuario: 1
2025-10-24 22:12:14 [http-nio-8090-exec-8] INFO  c.a.f.service.PensionesServiceImpl - Generando resumen de pensiones para usuario: 1
2025-10-24 22:12:14 [http-nio-8090-exec-4] INFO  c.a.f.controller.PensionesController - Solicitando aportes para usuario: 1
2025-10-24 22:12:14 [http-nio-8090-exec-7] INFO  c.a.f.controller.PensionesController - Solicitando estado de pensiones para usuario: 1
2025-10-24 22:12:18 [http-nio-8090-exec-6] INFO  c.a.f.controller.PensionesController - Solicitando saldos para usuario: 1
2025-10-24 22:12:18 [http-nio-8090-exec-2] INFO  c.a.f.controller.PensionesController - Solicitando aportes para usuario: 1
2025-10-24 22:12:18 [http-nio-8090-exec-9] INFO  c.a.f.controller.PensionesController - Solicitando resumen de pensiones para usuario: 1
2025-10-24 22:12:18 [http-nio-8090-exec-9] INFO  c.a.f.service.PensionesServiceImpl - Generando resumen de pensiones para usuario: 1
2025-10-24 22:12:18 [http-nio-8090-exec-10] INFO  c.a.f.controller.PensionesController - Solicitando estado de pensiones para usuario: 1
2025-10-24 22:12:25 [http-nio-8090-exec-4] INFO  c.a.f.controller.SegurosController - Solicitud de resumen de seguros para usuario: 1
2025-10-24 22:12:25 [http-nio-8090-exec-4] INFO  c.a.f.service.SegurosServiceImpl - Generando resumen administrativo de seguros para usuario: 1
2025-10-24 22:12:25 [http-nio-8090-exec-7] INFO  c.a.f.controller.SegurosController - Solicitud de pólizas para usuario: 1
2025-10-24 22:12:25 [http-nio-8090-exec-2] INFO  c.a.f.controller.SegurosController - Solicitud de pagos pendientes para usuario: 1
2025-10-24 22:12:25 [http-nio-8090-exec-9] INFO  c.a.f.controller.SegurosController - Solicitud de trámites para usuario: 1
2025-10-24 22:12:56 [http-nio-8090-exec-2] INFO  c.a.f.c.FinancieroController - Solicitud de saldos para usuario ID: 1
2025-10-24 22:12:56 [http-nio-8090-exec-5] INFO  c.a.f.c.FinancieroController - Solicitud de resumen financiero para usuario ID: 1
2025-10-24 22:12:56 [http-nio-8090-exec-8] INFO  c.a.f.c.FinancieroController - Solicitud de aportes para usuario ID: 1
2025-10-24 22:12:56 [http-nio-8090-exec-9] INFO  c.a.f.c.FinancieroController - Solicitud de estadísticas para usuario ID: 1
2025-10-24 22:12:56 [http-nio-8090-exec-7] INFO  c.a.f.c.FinancieroController - Solicitud de comparativo financiero para usuario ID: 1
2025-10-24 22:12:57 [http-nio-8090-exec-2] INFO  c.a.f.c.FinancieroController - Se obtuvieron 1 saldos para usuario ID 1
2025-10-24 22:12:57 [http-nio-8090-exec-8] INFO  c.a.f.c.FinancieroController - Se obtuvieron 13 aportes para usuario ID 1
2025-10-24 22:12:57 [http-nio-8090-exec-10] INFO  c.a.f.controller.PensionesController - Solicitando resumen de pensiones para usuario: 1
2025-10-24 22:12:57 [http-nio-8090-exec-10] INFO  c.a.f.service.PensionesServiceImpl - Generando resumen de pensiones para usuario: 1
2025-10-24 22:12:57 [http-nio-8090-exec-5] INFO  c.a.f.c.FinancieroController - Resumen financiero generado correctamente para usuario ID: 1
2025-10-24 22:12:57 [http-nio-8090-exec-3] INFO  c.a.f.controller.PensionesController - Solicitando aportes para usuario: 1
2025-10-24 22:12:57 [http-nio-8090-exec-6] INFO  c.a.f.controller.PensionesController - Solicitando saldos para usuario: 1
2025-10-24 22:12:57 [http-nio-8090-exec-4] INFO  c.a.f.controller.PensionesController - Solicitando estado de pensiones para usuario: 1
2025-10-24 22:12:57 [http-nio-8090-exec-7] INFO  c.a.f.c.FinancieroController - Comparativo generado correctamente para usuario ID 1
2025-10-24 22:12:58 [http-nio-8090-exec-9] INFO  c.a.f.c.FinancieroController - Estadísticas generadas correctamente para usuario ID 1
2025-10-24 22:12:58 [http-nio-8090-exec-1] INFO  c.a.f.controller.SegurosController - Solicitud de resumen de seguros para usuario: 1
2025-10-24 22:12:58 [http-nio-8090-exec-5] INFO  c.a.f.controller.SegurosController - Solicitud de pólizas para usuario: 1
2025-10-24 22:12:58 [http-nio-8090-exec-1] INFO  c.a.f.service.SegurosServiceImpl - Generando resumen administrativo de seguros para usuario: 1
2025-10-24 22:12:58 [http-nio-8090-exec-2] INFO  c.a.f.controller.SegurosController - Solicitud de pagos pendientes para usuario: 1
2025-10-24 22:12:58 [http-nio-8090-exec-8] INFO  c.a.f.controller.SegurosController - Solicitud de trámites para usuario: 1
2025-10-24 22:12:58 [http-nio-8090-exec-7] INFO  c.a.f.c.ComparadorController - Solicitud de estadísticas para categoría: Vehicular
2025-10-24 22:12:58 [http-nio-8090-exec-7] INFO  c.a.f.service.ComparadorServiceImpl - Obteniendo estadísticas para categoría: Vehicular
2025-10-24 22:12:58 [http-nio-8090-exec-9] INFO  c.a.f.c.ComparadorController - Solicitud de seguros por categoría: Vehicular
2025-10-24 22:12:58 [http-nio-8090-exec-9] INFO  c.a.f.service.ComparadorServiceImpl - Obteniendo seguros por categoría: Vehicular
2025-10-24 22:12:59 [http-nio-8090-exec-10] INFO  c.a.f.c.FinancieroController - Solicitud de resumen financiero para usuario ID: 1
2025-10-24 22:13:00 [http-nio-8090-exec-3] INFO  c.a.f.c.FinancieroController - Solicitud de aportes para usuario ID: 1
2025-10-24 22:13:00 [http-nio-8090-exec-6] INFO  c.a.f.c.FinancieroController - Solicitud de saldos para usuario ID: 1
2025-10-24 22:13:01 [http-nio-8090-exec-4] INFO  c.a.f.c.FinancieroController - Solicitud de estadísticas para usuario ID: 1
2025-10-24 22:13:02 [http-nio-8090-exec-10] INFO  c.a.f.c.FinancieroController - Resumen financiero generado correctamente para usuario ID: 1
2025-10-24 22:13:02 [http-nio-8090-exec-2] INFO  c.a.f.c.FinancieroController - Solicitud de comparativo financiero para usuario ID: 1
2025-10-24 22:13:02 [http-nio-8090-exec-3] INFO  c.a.f.c.FinancieroController - Se obtuvieron 13 aportes para usuario ID 1
2025-10-24 22:13:02 [http-nio-8090-exec-6] INFO  c.a.f.c.FinancieroController - Se obtuvieron 1 saldos para usuario ID 1
2025-10-24 22:13:03 [http-nio-8090-exec-2] INFO  c.a.f.c.FinancieroController - Comparativo generado correctamente para usuario ID 1
2025-10-24 22:13:03 [http-nio-8090-exec-4] INFO  c.a.f.c.FinancieroController - Estadísticas generadas correctamente para usuario ID 1
2025-10-24 22:16:50 [http-nio-8090-exec-3] INFO  c.a.f.c.ComparadorController - Solicitud de estadísticas para categoría: Vehicular
2025-10-24 22:16:50 [http-nio-8090-exec-6] INFO  c.a.f.c.ComparadorController - Solicitud de seguros por categoría: Vehicular
2025-10-24 22:16:50 [http-nio-8090-exec-3] INFO  c.a.f.service.ComparadorServiceImpl - Obteniendo estadísticas para categoría: Vehicular
2025-10-24 22:16:50 [http-nio-8090-exec-6] INFO  c.a.f.service.ComparadorServiceImpl - Obteniendo seguros por categoría: Vehicular
2025-10-24 22:16:51 [http-nio-8090-exec-2] INFO  c.a.f.c.AdminUsuarioController - Listando usuarios - Búsqueda: null, Estado: null
2025-10-24 22:16:51 [http-nio-8090-exec-5] INFO  c.a.f.controller.AdminAfpController - Listando AFPs - Búsqueda: null, Estado: null
2025-10-24 22:16:53 [http-nio-8090-exec-3] INFO  c.a.f.c.FinancieroController - Solicitud de saldos para usuario ID: 1
2025-10-24 22:16:53 [http-nio-8090-exec-7] INFO  c.a.f.c.FinancieroController - Solicitud de aportes para usuario ID: 1
2025-10-24 22:16:53 [http-nio-8090-exec-1] INFO  c.a.f.c.FinancieroController - Solicitud de resumen financiero para usuario ID: 1
2025-10-24 22:16:53 [http-nio-8090-exec-6] INFO  c.a.f.c.FinancieroController - Solicitud de comparativo financiero para usuario ID: 1
2025-10-24 22:16:53 [http-nio-8090-exec-4] INFO  c.a.f.c.FinancieroController - Solicitud de estadísticas para usuario ID: 1
2025-10-24 22:16:53 [http-nio-8090-exec-3] INFO  c.a.f.c.FinancieroController - Se obtuvieron 1 saldos para usuario ID 1
2025-10-24 22:16:53 [http-nio-8090-exec-8] INFO  c.a.f.controller.PensionesController - Solicitando aportes para usuario: 1
2025-10-24 22:16:53 [http-nio-8090-exec-6] INFO  c.a.f.c.FinancieroController - Comparativo generado correctamente para usuario ID 1
2025-10-24 22:16:53 [http-nio-8090-exec-10] INFO  c.a.f.controller.PensionesController - Solicitando saldos para usuario: 1
2025-10-24 22:16:53 [http-nio-8090-exec-7] INFO  c.a.f.c.FinancieroController - Se obtuvieron 13 aportes para usuario ID 1
2025-10-24 22:16:54 [http-nio-8090-exec-1] INFO  c.a.f.c.FinancieroController - Resumen financiero generado correctamente para usuario ID: 1
2025-10-24 22:16:54 [http-nio-8090-exec-2] INFO  c.a.f.controller.PensionesController - Solicitando resumen de pensiones para usuario: 1
2025-10-24 22:16:54 [http-nio-8090-exec-2] INFO  c.a.f.service.PensionesServiceImpl - Generando resumen de pensiones para usuario: 1
2025-10-24 22:16:54 [http-nio-8090-exec-9] INFO  c.a.f.controller.PensionesController - Solicitando estado de pensiones para usuario: 1
2025-10-24 22:16:54 [http-nio-8090-exec-5] INFO  c.a.f.controller.SegurosController - Solicitud de resumen de seguros para usuario: 1
2025-10-24 22:16:54 [http-nio-8090-exec-5] INFO  c.a.f.service.SegurosServiceImpl - Generando resumen administrativo de seguros para usuario: 1
2025-10-24 22:16:54 [http-nio-8090-exec-4] INFO  c.a.f.c.FinancieroController - Estadísticas generadas correctamente para usuario ID 1
2025-10-24 22:16:54 [http-nio-8090-exec-6] INFO  c.a.f.controller.SegurosController - Solicitud de pólizas para usuario: 1
2025-10-24 22:16:55 [http-nio-8090-exec-1] INFO  c.a.f.controller.SegurosController - Solicitud de pagos pendientes para usuario: 1
2025-10-24 22:16:55 [http-nio-8090-exec-3] INFO  c.a.f.controller.SegurosController - Solicitud de trámites para usuario: 1
2025-10-24 22:16:55 [http-nio-8090-exec-7] INFO  c.a.f.c.ComparadorController - Solicitud de seguros por categoría: Vehicular
2025-10-24 22:16:55 [http-nio-8090-exec-7] INFO  c.a.f.service.ComparadorServiceImpl - Obteniendo seguros por categoría: Vehicular
2025-10-24 22:16:55 [http-nio-8090-exec-4] INFO  c.a.f.c.ComparadorController - Solicitud de estadísticas para categoría: Vehicular
2025-10-24 22:16:55 [http-nio-8090-exec-4] INFO  c.a.f.service.ComparadorServiceImpl - Obteniendo estadísticas para categoría: Vehicular
