2025-10-20 00:05:16 [http-nio-8090-exec-9] INFO  c.a.f.controller.UsuarioController - Intento de login con DNI: 60967428
2025-10-20 00:05:16 [http-nio-8090-exec-9] INFO  c.a.f.controller.UsuarioController - Login exitoso para usuario: Orlando Quispe
2025-10-20 00:05:17 [http-nio-8090-exec-3] INFO  c.a.f.c.FinancieroController - Solicitud de aportes para usuario ID: 6
2025-10-20 00:05:17 [http-nio-8090-exec-1] INFO  c.a.f.c.FinancieroController - Solicitud de estadísticas para usuario ID: 6
2025-10-20 00:05:17 [http-nio-8090-exec-6] INFO  c.a.f.c.FinancieroController - Solicitud de comparativo financiero para usuario ID: 6
2025-10-20 00:05:17 [http-nio-8090-exec-5] INFO  c.a.f.c.FinancieroController - Solicitud de saldos para usuario ID: 6
2025-10-20 00:05:17 [http-nio-8090-exec-7] INFO  c.a.f.c.FinancieroController - Solicitud de resumen financiero para usuario ID: 6
2025-10-20 00:05:17 [http-nio-8090-exec-3] INFO  c.a.f.c.FinancieroController - Se obtuvieron 0 aportes para usuario ID 6
2025-10-20 00:05:17 [http-nio-8090-exec-6] INFO  c.a.f.c.FinancieroController - Comparativo generado correctamente para usuario ID 6
2025-10-20 00:05:17 [http-nio-8090-exec-5] INFO  c.a.f.c.FinancieroController - Se obtuvieron 0 saldos para usuario ID 6
2025-10-20 00:05:17 [http-nio-8090-exec-1] INFO  c.a.f.c.FinancieroController - Estadísticas generadas correctamente para usuario ID 6
2025-10-20 00:05:17 [http-nio-8090-exec-7] INFO  c.a.f.c.FinancieroController - Resumen financiero generado correctamente para usuario ID: 6
2025-10-20 00:05:17 [http-nio-8090-exec-2] INFO  c.a.f.controller.PensionesController - Solicitando saldos para usuario: 6
2025-10-20 00:05:17 [http-nio-8090-exec-4] INFO  c.a.f.controller.PensionesController - Solicitando resumen de pensiones para usuario: 6
2025-10-20 00:05:17 [http-nio-8090-exec-4] INFO  c.a.f.service.PensionesServiceImpl - Generando resumen de pensiones para usuario: 6
2025-10-20 00:05:17 [http-nio-8090-exec-8] INFO  c.a.f.controller.PensionesController - Solicitando estado de pensiones para usuario: 6
2025-10-20 00:05:17 [http-nio-8090-exec-10] INFO  c.a.f.controller.PensionesController - Solicitando aportes para usuario: 6
2025-10-20 00:08:24 [http-nio-8090-exec-7] INFO  c.a.f.controller.UsuarioController - Intento de login con DNI: 12345678
2025-10-20 00:08:24 [http-nio-8090-exec-7] INFO  c.a.f.controller.UsuarioController - Login exitoso para usuario: Carlos Mendoza
2025-10-20 00:12:41 [http-nio-8090-exec-7] INFO  c.a.f.controller.UsuarioController - Intento de login con DNI: 60967428
2025-10-20 00:12:41 [http-nio-8090-exec-7] INFO  c.a.f.controller.UsuarioController - Login exitoso para usuario: Orlando Quispe
2025-10-20 00:12:47 [http-nio-8090-exec-10] INFO  c.a.f.controller.UsuarioController - Intento de login con DNI: 12345678
2025-10-20 00:12:47 [http-nio-8090-exec-10] INFO  c.a.f.controller.UsuarioController - Login exitoso para usuario: Carlos Mendoza
2025-10-20 00:16:14 [http-nio-8090-exec-7] INFO  c.a.f.controller.UsuarioController - Intento de login con DNI: 12345678
2025-10-20 00:16:14 [http-nio-8090-exec-7] INFO  c.a.f.controller.UsuarioController - Login exitoso para usuario: Carlos Mendoza
2025-10-20 00:16:25 [http-nio-8090-exec-2] INFO  c.a.f.controller.UsuarioController - Intento de login con DNI: 60967428
2025-10-20 00:16:25 [http-nio-8090-exec-2] INFO  c.a.f.controller.UsuarioController - Login exitoso para usuario: Orlando Quispe
2025-10-20 00:16:27 [http-nio-8090-exec-4] INFO  c.a.f.c.FinancieroController - Solicitud de aportes para usuario ID: 6
2025-10-20 00:16:27 [http-nio-8090-exec-5] INFO  c.a.f.c.FinancieroController - Solicitud de comparativo financiero para usuario ID: 6
2025-10-20 00:16:27 [http-nio-8090-exec-8] INFO  c.a.f.c.FinancieroController - Solicitud de saldos para usuario ID: 6
2025-10-20 00:16:27 [http-nio-8090-exec-9] INFO  c.a.f.c.FinancieroController - Solicitud de estadísticas para usuario ID: 6
2025-10-20 00:16:27 [http-nio-8090-exec-10] INFO  c.a.f.c.FinancieroController - Solicitud de resumen financiero para usuario ID: 6
2025-10-20 00:16:27 [http-nio-8090-exec-5] INFO  c.a.f.c.FinancieroController - Comparativo generado correctamente para usuario ID 6
2025-10-20 00:16:27 [http-nio-8090-exec-10] INFO  c.a.f.c.FinancieroController - Resumen financiero generado correctamente para usuario ID: 6
2025-10-20 00:16:27 [http-nio-8090-exec-8] INFO  c.a.f.c.FinancieroController - Se obtuvieron 0 saldos para usuario ID 6
2025-10-20 00:16:27 [http-nio-8090-exec-4] INFO  c.a.f.c.FinancieroController - Se obtuvieron 0 aportes para usuario ID 6
2025-10-20 00:16:27 [http-nio-8090-exec-9] INFO  c.a.f.c.FinancieroController - Estadísticas generadas correctamente para usuario ID 6
2025-10-20 00:16:27 [http-nio-8090-exec-6] INFO  c.a.f.c.FinancieroController - Solicitud de resumen financiero para usuario ID: 6
2025-10-20 00:16:27 [http-nio-8090-exec-3] INFO  c.a.f.c.FinancieroController - Solicitud de saldos para usuario ID: 6
2025-10-20 00:16:27 [http-nio-8090-exec-6] INFO  c.a.f.c.FinancieroController - Resumen financiero generado correctamente para usuario ID: 6
2025-10-20 00:16:27 [http-nio-8090-exec-1] INFO  c.a.f.c.FinancieroController - Solicitud de aportes para usuario ID: 6
2025-10-20 00:16:27 [http-nio-8090-exec-3] INFO  c.a.f.c.FinancieroController - Se obtuvieron 0 saldos para usuario ID 6
2025-10-20 00:16:27 [http-nio-8090-exec-6] INFO  c.a.f.c.FinancieroController - Solicitud de estadísticas para usuario ID: 6
2025-10-20 00:16:27 [http-nio-8090-exec-3] INFO  c.a.f.c.FinancieroController - Solicitud de comparativo financiero para usuario ID: 6
2025-10-20 00:16:27 [http-nio-8090-exec-1] INFO  c.a.f.c.FinancieroController - Se obtuvieron 0 aportes para usuario ID 6
2025-10-20 00:16:27 [http-nio-8090-exec-6] INFO  c.a.f.c.FinancieroController - Estadísticas generadas correctamente para usuario ID 6
2025-10-20 00:16:27 [http-nio-8090-exec-3] INFO  c.a.f.c.FinancieroController - Comparativo generado correctamente para usuario ID 6
2025-10-20 00:16:28 [http-nio-8090-exec-8] INFO  c.a.f.controller.PensionesController - Solicitando estado de pensiones para usuario: 6
2025-10-20 00:16:28 [http-nio-8090-exec-5] INFO  c.a.f.controller.PensionesController - Solicitando aportes para usuario: 6
2025-10-20 00:16:28 [http-nio-8090-exec-10] INFO  c.a.f.controller.PensionesController - Solicitando saldos para usuario: 6
2025-10-20 00:16:28 [http-nio-8090-exec-4] INFO  c.a.f.controller.PensionesController - Solicitando resumen de pensiones para usuario: 6
2025-10-20 00:16:28 [http-nio-8090-exec-4] INFO  c.a.f.service.PensionesServiceImpl - Generando resumen de pensiones para usuario: 6
2025-10-20 00:16:29 [http-nio-8090-exec-2] INFO  c.a.f.controller.PensionesController - Solicitando saldos para usuario: 6
2025-10-20 00:16:29 [http-nio-8090-exec-9] INFO  c.a.f.controller.PensionesController - Solicitando resumen de pensiones para usuario: 6
2025-10-20 00:16:29 [http-nio-8090-exec-9] INFO  c.a.f.service.PensionesServiceImpl - Generando resumen de pensiones para usuario: 6
2025-10-20 00:16:29 [http-nio-8090-exec-7] INFO  c.a.f.controller.PensionesController - Solicitando aportes para usuario: 6
2025-10-20 00:16:29 [http-nio-8090-exec-1] INFO  c.a.f.controller.PensionesController - Solicitando estado de pensiones para usuario: 6
2025-10-20 00:16:35 [http-nio-8090-exec-4] INFO  c.a.f.controller.UsuarioController - Intento de login con DNI: 12345678
2025-10-20 00:16:35 [http-nio-8090-exec-4] INFO  c.a.f.controller.UsuarioController - Login exitoso para usuario: Carlos Mendoza
2025-10-20 00:19:45 [http-nio-8090-exec-6] INFO  c.a.f.c.FinancieroController - Solicitud de saldos para usuario ID: 1
2025-10-20 00:19:45 [http-nio-8090-exec-4] INFO  c.a.f.c.FinancieroController - Solicitud de estadísticas para usuario ID: 1
2025-10-20 00:19:45 [http-nio-8090-exec-2] INFO  c.a.f.c.FinancieroController - Solicitud de comparativo financiero para usuario ID: 1
2025-10-20 00:19:45 [http-nio-8090-exec-3] INFO  c.a.f.c.FinancieroController - Solicitud de resumen financiero para usuario ID: 1
2025-10-20 00:19:45 [http-nio-8090-exec-8] INFO  c.a.f.c.FinancieroController - Solicitud de aportes para usuario ID: 1
2025-10-20 00:19:45 [http-nio-8090-exec-6] INFO  c.a.f.c.FinancieroController - Se obtuvieron 2 saldos para usuario ID 1
2025-10-20 00:19:45 [http-nio-8090-exec-8] INFO  c.a.f.c.FinancieroController - Se obtuvieron 26 aportes para usuario ID 1
2025-10-20 00:19:45 [http-nio-8090-exec-3] INFO  c.a.f.c.FinancieroController - Resumen financiero generado correctamente para usuario ID: 1
2025-10-20 00:19:45 [http-nio-8090-exec-2] INFO  c.a.f.c.FinancieroController - Comparativo generado correctamente para usuario ID 1
2025-10-20 00:19:45 [http-nio-8090-exec-4] INFO  c.a.f.c.FinancieroController - Estadísticas generadas correctamente para usuario ID 1
2025-10-20 00:19:46 [http-nio-8090-exec-9] INFO  c.a.f.c.FinancieroController - Solicitud de aportes para usuario ID: 1
2025-10-20 00:19:46 [http-nio-8090-exec-9] INFO  c.a.f.c.FinancieroController - Se obtuvieron 26 aportes para usuario ID 1
2025-10-20 00:19:46 [http-nio-8090-exec-5] INFO  c.a.f.c.FinancieroController - Solicitud de estadísticas para usuario ID: 1
2025-10-20 00:19:46 [http-nio-8090-exec-10] INFO  c.a.f.c.FinancieroController - Solicitud de comparativo financiero para usuario ID: 1
2025-10-20 00:19:46 [http-nio-8090-exec-7] INFO  c.a.f.c.FinancieroController - Solicitud de resumen financiero para usuario ID: 1
2025-10-20 00:19:46 [http-nio-8090-exec-1] INFO  c.a.f.c.FinancieroController - Solicitud de saldos para usuario ID: 1
2025-10-20 00:19:46 [http-nio-8090-exec-5] INFO  c.a.f.c.FinancieroController - Estadísticas generadas correctamente para usuario ID 1
2025-10-20 00:19:46 [http-nio-8090-exec-10] INFO  c.a.f.c.FinancieroController - Comparativo generado correctamente para usuario ID 1
2025-10-20 00:19:46 [http-nio-8090-exec-1] INFO  c.a.f.c.FinancieroController - Se obtuvieron 2 saldos para usuario ID 1
2025-10-20 00:19:46 [http-nio-8090-exec-7] INFO  c.a.f.c.FinancieroController - Resumen financiero generado correctamente para usuario ID: 1
2025-10-20 00:19:46 [http-nio-8090-exec-3] INFO  c.a.f.controller.PensionesController - Solicitando aportes para usuario: 1
2025-10-20 00:19:46 [http-nio-8090-exec-2] INFO  c.a.f.controller.PensionesController - Solicitando estado de pensiones para usuario: 1
2025-10-20 00:19:46 [http-nio-8090-exec-6] INFO  c.a.f.controller.PensionesController - Solicitando resumen de pensiones para usuario: 1
2025-10-20 00:19:46 [http-nio-8090-exec-6] INFO  c.a.f.service.PensionesServiceImpl - Generando resumen de pensiones para usuario: 1
2025-10-20 00:19:46 [http-nio-8090-exec-8] INFO  c.a.f.controller.PensionesController - Solicitando saldos para usuario: 1
2025-10-20 00:19:50 [http-nio-8090-exec-1] INFO  c.a.f.controller.PensionesController - Solicitando resumen de pensiones para usuario: 1
2025-10-20 00:19:50 [http-nio-8090-exec-6] INFO  c.a.f.controller.PensionesController - Solicitando saldos para usuario: 1
2025-10-20 00:19:50 [http-nio-8090-exec-1] INFO  c.a.f.service.PensionesServiceImpl - Generando resumen de pensiones para usuario: 1
2025-10-20 00:19:50 [http-nio-8090-exec-2] INFO  c.a.f.controller.PensionesController - Solicitando aportes para usuario: 1
2025-10-20 00:19:50 [http-nio-8090-exec-3] INFO  c.a.f.controller.PensionesController - Solicitando estado de pensiones para usuario: 1
2025-10-20 00:19:50 [http-nio-8090-exec-10] INFO  c.a.f.c.FinancieroController - Solicitud de aportes para usuario ID: 1
2025-10-20 00:19:50 [http-nio-8090-exec-4] INFO  c.a.f.c.FinancieroController - Solicitud de saldos para usuario ID: 1
2025-10-20 00:19:50 [http-nio-8090-exec-8] INFO  c.a.f.c.FinancieroController - Solicitud de resumen financiero para usuario ID: 1
2025-10-20 00:19:51 [http-nio-8090-exec-9] INFO  c.a.f.c.FinancieroController - Solicitud de estadísticas para usuario ID: 1
2025-10-20 00:19:51 [http-nio-8090-exec-5] INFO  c.a.f.c.FinancieroController - Solicitud de comparativo financiero para usuario ID: 1
2025-10-20 00:19:51 [http-nio-8090-exec-4] INFO  c.a.f.c.FinancieroController - Se obtuvieron 2 saldos para usuario ID 1
2025-10-20 00:19:51 [http-nio-8090-exec-9] INFO  c.a.f.c.FinancieroController - Estadísticas generadas correctamente para usuario ID 1
2025-10-20 00:19:51 [http-nio-8090-exec-8] INFO  c.a.f.c.FinancieroController - Resumen financiero generado correctamente para usuario ID: 1
2025-10-20 00:19:51 [http-nio-8090-exec-10] INFO  c.a.f.c.FinancieroController - Se obtuvieron 26 aportes para usuario ID 1
2025-10-20 00:19:51 [http-nio-8090-exec-5] INFO  c.a.f.c.FinancieroController - Comparativo generado correctamente para usuario ID 1
2025-10-20 00:19:55 [http-nio-8090-exec-4] INFO  c.a.f.controller.PensionesController - Solicitando saldos para usuario: 1
2025-10-20 00:19:55 [http-nio-8090-exec-8] INFO  c.a.f.controller.PensionesController - Solicitando aportes para usuario: 1
2025-10-20 00:19:55 [http-nio-8090-exec-5] INFO  c.a.f.controller.PensionesController - Solicitando estado de pensiones para usuario: 1
2025-10-20 00:19:55 [http-nio-8090-exec-9] INFO  c.a.f.controller.PensionesController - Solicitando resumen de pensiones para usuario: 1
2025-10-20 00:19:55 [http-nio-8090-exec-9] INFO  c.a.f.service.PensionesServiceImpl - Generando resumen de pensiones para usuario: 1
2025-10-20 00:21:15 [http-nio-8090-exec-7] INFO  c.a.f.controller.UsuarioController - Intento de login con DNI: 12345678
2025-10-20 00:21:15 [http-nio-8090-exec-7] INFO  c.a.f.controller.UsuarioController - Login exitoso para usuario: Carlos Mendoza
2025-10-20 00:21:40 [http-nio-8090-exec-6] INFO  c.a.f.controller.PensionesController - Solicitando saldos para usuario: 1
2025-10-20 00:21:40 [http-nio-8090-exec-7] INFO  c.a.f.controller.PensionesController - Solicitando aportes para usuario: 1
2025-10-20 00:21:40 [http-nio-8090-exec-1] INFO  c.a.f.controller.PensionesController - Solicitando resumen de pensiones para usuario: 1
2025-10-20 00:21:40 [http-nio-8090-exec-5] INFO  c.a.f.controller.PensionesController - Solicitando estado de pensiones para usuario: 1
2025-10-20 00:21:40 [http-nio-8090-exec-1] INFO  c.a.f.service.PensionesServiceImpl - Generando resumen de pensiones para usuario: 1
2025-10-20 00:21:40 [http-nio-8090-exec-10] INFO  c.a.f.c.FinancieroController - Solicitud de comparativo financiero para usuario ID: 1
2025-10-20 00:21:40 [http-nio-8090-exec-2] INFO  c.a.f.c.FinancieroController - Solicitud de estadísticas para usuario ID: 1
2025-10-20 00:21:40 [http-nio-8090-exec-8] INFO  c.a.f.c.FinancieroController - Solicitud de aportes para usuario ID: 1
2025-10-20 00:21:40 [http-nio-8090-exec-9] INFO  c.a.f.c.FinancieroController - Solicitud de saldos para usuario ID: 1
2025-10-20 00:21:40 [http-nio-8090-exec-4] INFO  c.a.f.c.FinancieroController - Solicitud de resumen financiero para usuario ID: 1
2025-10-20 00:21:40 [http-nio-8090-exec-9] INFO  c.a.f.c.FinancieroController - Se obtuvieron 2 saldos para usuario ID 1
2025-10-20 00:21:40 [http-nio-8090-exec-10] INFO  c.a.f.c.FinancieroController - Comparativo generado correctamente para usuario ID 1
2025-10-20 00:21:40 [http-nio-8090-exec-2] INFO  c.a.f.c.FinancieroController - Estadísticas generadas correctamente para usuario ID 1
2025-10-20 00:21:40 [http-nio-8090-exec-8] INFO  c.a.f.c.FinancieroController - Se obtuvieron 26 aportes para usuario ID 1
2025-10-20 00:21:40 [http-nio-8090-exec-4] INFO  c.a.f.c.FinancieroController - Resumen financiero generado correctamente para usuario ID: 1
2025-10-20 00:21:41 [http-nio-8090-exec-1] INFO  c.a.f.controller.PensionesController - Solicitando estado de pensiones para usuario: 1
2025-10-20 00:21:41 [http-nio-8090-exec-6] INFO  c.a.f.controller.PensionesController - Solicitando saldos para usuario: 1
2025-10-20 00:21:41 [http-nio-8090-exec-5] INFO  c.a.f.controller.PensionesController - Solicitando aportes para usuario: 1
2025-10-20 00:21:41 [http-nio-8090-exec-3] INFO  c.a.f.controller.PensionesController - Solicitando resumen de pensiones para usuario: 1
2025-10-20 00:21:41 [http-nio-8090-exec-3] INFO  c.a.f.service.PensionesServiceImpl - Generando resumen de pensiones para usuario: 1
2025-10-20 00:21:42 [http-nio-8090-exec-9] INFO  c.a.f.controller.PensionesController - Solicitando estado de pensiones para usuario: 1
2025-10-20 00:21:42 [http-nio-8090-exec-2] INFO  c.a.f.controller.PensionesController - Solicitando saldos para usuario: 1
2025-10-20 00:21:42 [http-nio-8090-exec-7] INFO  c.a.f.controller.PensionesController - Solicitando resumen de pensiones para usuario: 1
2025-10-20 00:21:42 [http-nio-8090-exec-7] INFO  c.a.f.service.PensionesServiceImpl - Generando resumen de pensiones para usuario: 1
2025-10-20 00:21:42 [http-nio-8090-exec-10] INFO  c.a.f.controller.PensionesController - Solicitando aportes para usuario: 1
2025-10-20 00:21:42 [http-nio-8090-exec-8] INFO  c.a.f.c.FinancieroController - Solicitud de aportes para usuario ID: 1
2025-10-20 00:21:42 [http-nio-8090-exec-4] INFO  c.a.f.c.FinancieroController - Solicitud de resumen financiero para usuario ID: 1
2025-10-20 00:21:42 [http-nio-8090-exec-1] INFO  c.a.f.c.FinancieroController - Solicitud de saldos para usuario ID: 1
2025-10-20 00:21:42 [http-nio-8090-exec-3] INFO  c.a.f.c.FinancieroController - Solicitud de estadísticas para usuario ID: 1
2025-10-20 00:21:42 [http-nio-8090-exec-6] INFO  c.a.f.c.FinancieroController - Solicitud de comparativo financiero para usuario ID: 1
2025-10-20 00:21:42 [http-nio-8090-exec-8] INFO  c.a.f.c.FinancieroController - Se obtuvieron 26 aportes para usuario ID 1
2025-10-20 00:21:42 [http-nio-8090-exec-6] INFO  c.a.f.c.FinancieroController - Comparativo generado correctamente para usuario ID 1
2025-10-20 00:21:42 [http-nio-8090-exec-3] INFO  c.a.f.c.FinancieroController - Estadísticas generadas correctamente para usuario ID 1
2025-10-20 00:21:42 [http-nio-8090-exec-4] INFO  c.a.f.c.FinancieroController - Resumen financiero generado correctamente para usuario ID: 1
2025-10-20 00:21:42 [http-nio-8090-exec-1] INFO  c.a.f.c.FinancieroController - Se obtuvieron 2 saldos para usuario ID 1
2025-10-20 00:21:43 [http-nio-8090-exec-2] INFO  c.a.f.controller.PensionesController - Solicitando saldos para usuario: 1
2025-10-20 00:21:43 [http-nio-8090-exec-7] INFO  c.a.f.controller.PensionesController - Solicitando estado de pensiones para usuario: 1
2025-10-20 00:21:43 [http-nio-8090-exec-5] INFO  c.a.f.controller.PensionesController - Solicitando resumen de pensiones para usuario: 1
2025-10-20 00:21:43 [http-nio-8090-exec-5] INFO  c.a.f.service.PensionesServiceImpl - Generando resumen de pensiones para usuario: 1
2025-10-20 00:21:43 [http-nio-8090-exec-9] INFO  c.a.f.controller.PensionesController - Solicitando aportes para usuario: 1
2025-10-20 00:21:43 [http-nio-8090-exec-8] INFO  c.a.f.c.FinancieroController - Solicitud de comparativo financiero para usuario ID: 1
2025-10-20 00:21:43 [http-nio-8090-exec-6] INFO  c.a.f.c.FinancieroController - Solicitud de aportes para usuario ID: 1
2025-10-20 00:21:43 [http-nio-8090-exec-4] INFO  c.a.f.c.FinancieroController - Solicitud de saldos para usuario ID: 1
2025-10-20 00:21:43 [http-nio-8090-exec-10] INFO  c.a.f.c.FinancieroController - Solicitud de resumen financiero para usuario ID: 1
2025-10-20 00:21:43 [http-nio-8090-exec-3] INFO  c.a.f.c.FinancieroController - Solicitud de estadísticas para usuario ID: 1
2025-10-20 00:21:43 [http-nio-8090-exec-4] INFO  c.a.f.c.FinancieroController - Se obtuvieron 2 saldos para usuario ID 1
2025-10-20 00:21:43 [http-nio-8090-exec-3] INFO  c.a.f.c.FinancieroController - Estadísticas generadas correctamente para usuario ID 1
2025-10-20 00:21:43 [http-nio-8090-exec-10] INFO  c.a.f.c.FinancieroController - Resumen financiero generado correctamente para usuario ID: 1
2025-10-20 00:21:43 [http-nio-8090-exec-8] INFO  c.a.f.c.FinancieroController - Comparativo generado correctamente para usuario ID 1
2025-10-20 00:21:43 [http-nio-8090-exec-6] INFO  c.a.f.c.FinancieroController - Se obtuvieron 26 aportes para usuario ID 1
2025-10-20 00:21:43 [http-nio-8090-exec-9] INFO  c.a.f.controller.PensionesController - Solicitando estado de pensiones para usuario: 1
2025-10-20 00:21:43 [http-nio-8090-exec-1] INFO  c.a.f.controller.PensionesController - Solicitando resumen de pensiones para usuario: 1
2025-10-20 00:21:43 [http-nio-8090-exec-1] INFO  c.a.f.service.PensionesServiceImpl - Generando resumen de pensiones para usuario: 1
2025-10-20 00:21:43 [http-nio-8090-exec-2] INFO  c.a.f.controller.PensionesController - Solicitando saldos para usuario: 1
2025-10-20 00:21:43 [http-nio-8090-exec-7] INFO  c.a.f.controller.PensionesController - Solicitando aportes para usuario: 1
2025-10-20 00:21:43 [http-nio-8090-exec-5] INFO  c.a.f.c.FinancieroController - Solicitud de resumen financiero para usuario ID: 1
2025-10-20 00:21:43 [http-nio-8090-exec-3] INFO  c.a.f.c.FinancieroController - Solicitud de aportes para usuario ID: 1
2025-10-20 00:21:43 [http-nio-8090-exec-10] INFO  c.a.f.c.FinancieroController - Solicitud de estadísticas para usuario ID: 1
2025-10-20 00:21:43 [http-nio-8090-exec-8] INFO  c.a.f.c.FinancieroController - Solicitud de comparativo financiero para usuario ID: 1
2025-10-20 00:21:43 [http-nio-8090-exec-4] INFO  c.a.f.c.FinancieroController - Solicitud de saldos para usuario ID: 1
2025-10-20 00:21:43 [http-nio-8090-exec-4] INFO  c.a.f.c.FinancieroController - Se obtuvieron 2 saldos para usuario ID 1
2025-10-20 00:21:43 [http-nio-8090-exec-10] INFO  c.a.f.c.FinancieroController - Estadísticas generadas correctamente para usuario ID 1
2025-10-20 00:21:43 [http-nio-8090-exec-5] INFO  c.a.f.c.FinancieroController - Resumen financiero generado correctamente para usuario ID: 1
2025-10-20 00:21:43 [http-nio-8090-exec-3] INFO  c.a.f.c.FinancieroController - Se obtuvieron 26 aportes para usuario ID 1
2025-10-20 00:21:43 [http-nio-8090-exec-8] INFO  c.a.f.c.FinancieroController - Comparativo generado correctamente para usuario ID 1
2025-10-20 00:21:44 [http-nio-8090-exec-6] INFO  c.a.f.controller.PensionesController - Solicitando resumen de pensiones para usuario: 1
2025-10-20 00:21:44 [http-nio-8090-exec-9] INFO  c.a.f.controller.PensionesController - Solicitando aportes para usuario: 1
2025-10-20 00:21:44 [http-nio-8090-exec-7] INFO  c.a.f.controller.PensionesController - Solicitando estado de pensiones para usuario: 1
2025-10-20 00:21:44 [http-nio-8090-exec-2] INFO  c.a.f.controller.PensionesController - Solicitando saldos para usuario: 1
2025-10-20 00:21:44 [http-nio-8090-exec-6] INFO  c.a.f.service.PensionesServiceImpl - Generando resumen de pensiones para usuario: 1
2025-10-20 00:21:44 [http-nio-8090-exec-1] INFO  c.a.f.c.FinancieroController - Solicitud de resumen financiero para usuario ID: 1
2025-10-20 00:21:44 [http-nio-8090-exec-10] INFO  c.a.f.c.FinancieroController - Solicitud de aportes para usuario ID: 1
2025-10-20 00:21:44 [http-nio-8090-exec-4] INFO  c.a.f.c.FinancieroController - Solicitud de saldos para usuario ID: 1
2025-10-20 00:21:44 [http-nio-8090-exec-1] INFO  c.a.f.c.FinancieroController - Resumen financiero generado correctamente para usuario ID: 1
2025-10-20 00:21:44 [http-nio-8090-exec-10] INFO  c.a.f.c.FinancieroController - Se obtuvieron 26 aportes para usuario ID 1
2025-10-20 00:21:44 [http-nio-8090-exec-5] INFO  c.a.f.c.FinancieroController - Solicitud de estadísticas para usuario ID: 1
2025-10-20 00:21:44 [http-nio-8090-exec-4] INFO  c.a.f.c.FinancieroController - Se obtuvieron 2 saldos para usuario ID 1
2025-10-20 00:21:44 [http-nio-8090-exec-5] INFO  c.a.f.c.FinancieroController - Estadísticas generadas correctamente para usuario ID 1
2025-10-20 00:21:44 [http-nio-8090-exec-8] INFO  c.a.f.c.FinancieroController - Solicitud de comparativo financiero para usuario ID: 1
2025-10-20 00:21:44 [http-nio-8090-exec-8] INFO  c.a.f.c.FinancieroController - Comparativo generado correctamente para usuario ID 1
2025-10-20 00:21:44 [http-nio-8090-exec-4] INFO  c.a.f.controller.PensionesController - Solicitando aportes para usuario: 1
2025-10-20 00:21:44 [http-nio-8090-exec-8] INFO  c.a.f.controller.PensionesController - Solicitando estado de pensiones para usuario: 1
2025-10-20 00:21:44 [http-nio-8090-exec-5] INFO  c.a.f.controller.PensionesController - Solicitando saldos para usuario: 1
2025-10-20 00:21:44 [http-nio-8090-exec-10] INFO  c.a.f.controller.PensionesController - Solicitando resumen de pensiones para usuario: 1
2025-10-20 00:21:44 [http-nio-8090-exec-10] INFO  c.a.f.service.PensionesServiceImpl - Generando resumen de pensiones para usuario: 1
2025-10-20 00:21:46 [http-nio-8090-exec-3] INFO  c.a.f.controller.PensionesController - Solicitando estado de pensiones para usuario: 1
2025-10-20 00:21:46 [http-nio-8090-exec-6] INFO  c.a.f.controller.PensionesController - Solicitando aportes para usuario: 1
2025-10-20 00:21:46 [http-nio-8090-exec-7] INFO  c.a.f.controller.PensionesController - Solicitando resumen de pensiones para usuario: 1
2025-10-20 00:21:46 [http-nio-8090-exec-7] INFO  c.a.f.service.PensionesServiceImpl - Generando resumen de pensiones para usuario: 1
2025-10-20 00:21:46 [http-nio-8090-exec-2] INFO  c.a.f.controller.PensionesController - Solicitando saldos para usuario: 1
2025-10-20 00:21:46 [http-nio-8090-exec-9] INFO  c.a.f.c.FinancieroController - Solicitud de resumen financiero para usuario ID: 1
2025-10-20 00:21:46 [http-nio-8090-exec-5] INFO  c.a.f.c.FinancieroController - Solicitud de saldos para usuario ID: 1
2025-10-20 00:21:46 [http-nio-8090-exec-5] INFO  c.a.f.c.FinancieroController - Se obtuvieron 2 saldos para usuario ID 1
2025-10-20 00:21:46 [http-nio-8090-exec-1] INFO  c.a.f.c.FinancieroController - Solicitud de aportes para usuario ID: 1
2025-10-20 00:21:46 [http-nio-8090-exec-10] INFO  c.a.f.c.FinancieroController - Solicitud de estadísticas para usuario ID: 1
2025-10-20 00:21:46 [http-nio-8090-exec-1] INFO  c.a.f.c.FinancieroController - Se obtuvieron 26 aportes para usuario ID 1
2025-10-20 00:21:46 [http-nio-8090-exec-8] INFO  c.a.f.c.FinancieroController - Solicitud de comparativo financiero para usuario ID: 1
2025-10-20 00:21:46 [http-nio-8090-exec-9] INFO  c.a.f.c.FinancieroController - Resumen financiero generado correctamente para usuario ID: 1
2025-10-20 00:21:46 [http-nio-8090-exec-10] INFO  c.a.f.c.FinancieroController - Estadísticas generadas correctamente para usuario ID 1
2025-10-20 00:21:46 [http-nio-8090-exec-8] INFO  c.a.f.c.FinancieroController - Comparativo generado correctamente para usuario ID 1
2025-10-20 00:21:47 [http-nio-8090-exec-4] INFO  c.a.f.controller.PensionesController - Solicitando resumen de pensiones para usuario: 1
2025-10-20 00:21:47 [http-nio-8090-exec-7] INFO  c.a.f.controller.PensionesController - Solicitando saldos para usuario: 1
2025-10-20 00:21:47 [http-nio-8090-exec-4] INFO  c.a.f.service.PensionesServiceImpl - Generando resumen de pensiones para usuario: 1
2025-10-20 00:21:47 [http-nio-8090-exec-6] INFO  c.a.f.controller.PensionesController - Solicitando estado de pensiones para usuario: 1
2025-10-20 00:21:47 [http-nio-8090-exec-3] INFO  c.a.f.controller.PensionesController - Solicitando aportes para usuario: 1
2025-10-20 00:25:48 [http-nio-8090-exec-3] INFO  c.a.f.c.FinancieroController - Solicitud de estadísticas para usuario ID: 1
2025-10-20 00:25:48 [http-nio-8090-exec-4] INFO  c.a.f.c.FinancieroController - Solicitud de aportes para usuario ID: 1
2025-10-20 00:25:48 [http-nio-8090-exec-6] INFO  c.a.f.c.FinancieroController - Solicitud de comparativo financiero para usuario ID: 1
2025-10-20 00:25:48 [http-nio-8090-exec-7] INFO  c.a.f.c.FinancieroController - Solicitud de saldos para usuario ID: 1
2025-10-20 00:25:48 [http-nio-8090-exec-1] INFO  c.a.f.c.FinancieroController - Solicitud de resumen financiero para usuario ID: 1
2025-10-20 00:25:48 [http-nio-8090-exec-7] INFO  c.a.f.c.FinancieroController - Se obtuvieron 2 saldos para usuario ID 1
2025-10-20 00:25:48 [http-nio-8090-exec-3] INFO  c.a.f.c.FinancieroController - Estadísticas generadas correctamente para usuario ID 1
2025-10-20 00:25:48 [http-nio-8090-exec-1] INFO  c.a.f.c.FinancieroController - Resumen financiero generado correctamente para usuario ID: 1
2025-10-20 00:25:48 [http-nio-8090-exec-6] INFO  c.a.f.c.FinancieroController - Comparativo generado correctamente para usuario ID 1
2025-10-20 00:25:48 [http-nio-8090-exec-4] INFO  c.a.f.c.FinancieroController - Se obtuvieron 26 aportes para usuario ID 1
2025-10-20 00:25:48 [http-nio-8090-exec-2] INFO  c.a.f.controller.PensionesController - Solicitando resumen de pensiones para usuario: 1
2025-10-20 00:25:48 [http-nio-8090-exec-8] INFO  c.a.f.controller.PensionesController - Solicitando saldos para usuario: 1
2025-10-20 00:25:48 [http-nio-8090-exec-2] INFO  c.a.f.service.PensionesServiceImpl - Generando resumen de pensiones para usuario: 1
2025-10-20 00:25:48 [http-nio-8090-exec-9] INFO  c.a.f.controller.PensionesController - Solicitando aportes para usuario: 1
2025-10-20 00:25:48 [http-nio-8090-exec-5] INFO  c.a.f.controller.PensionesController - Solicitando estado de pensiones para usuario: 1
2025-10-20 00:25:51 [http-nio-8090-exec-8] INFO  c.a.f.controller.PensionesController - Solicitando aportes para usuario: 1
2025-10-20 00:25:51 [http-nio-8090-exec-9] INFO  c.a.f.controller.PensionesController - Solicitando saldos para usuario: 1
2025-10-20 00:25:51 [http-nio-8090-exec-5] INFO  c.a.f.controller.PensionesController - Solicitando estado de pensiones para usuario: 1
2025-10-20 00:25:51 [http-nio-8090-exec-4] INFO  c.a.f.controller.PensionesController - Solicitando resumen de pensiones para usuario: 1
2025-10-20 00:25:51 [http-nio-8090-exec-4] INFO  c.a.f.service.PensionesServiceImpl - Generando resumen de pensiones para usuario: 1
2025-10-20 00:25:52 [http-nio-8090-exec-3] INFO  c.a.f.c.FinancieroController - Solicitud de aportes para usuario ID: 1
2025-10-20 00:25:52 [http-nio-8090-exec-2] INFO  c.a.f.c.FinancieroController - Solicitud de resumen financiero para usuario ID: 1
2025-10-20 00:25:52 [http-nio-8090-exec-7] INFO  c.a.f.c.FinancieroController - Solicitud de estadísticas para usuario ID: 1
2025-10-20 00:25:52 [http-nio-8090-exec-10] INFO  c.a.f.c.FinancieroController - Solicitud de saldos para usuario ID: 1
2025-10-20 00:25:52 [http-nio-8090-exec-6] INFO  c.a.f.c.FinancieroController - Solicitud de comparativo financiero para usuario ID: 1
2025-10-20 00:25:52 [http-nio-8090-exec-3] INFO  c.a.f.c.FinancieroController - Se obtuvieron 26 aportes para usuario ID 1
2025-10-20 00:25:52 [http-nio-8090-exec-2] INFO  c.a.f.c.FinancieroController - Resumen financiero generado correctamente para usuario ID: 1
2025-10-20 00:25:52 [http-nio-8090-exec-7] INFO  c.a.f.c.FinancieroController - Estadísticas generadas correctamente para usuario ID 1
2025-10-20 00:25:52 [http-nio-8090-exec-10] INFO  c.a.f.c.FinancieroController - Se obtuvieron 2 saldos para usuario ID 1
2025-10-20 00:25:52 [http-nio-8090-exec-6] INFO  c.a.f.c.FinancieroController - Comparativo generado correctamente para usuario ID 1
2025-10-20 00:25:54 [http-nio-8090-exec-8] INFO  c.a.f.c.FinancieroController - Solicitud de comparativo financiero para usuario ID: 1
2025-10-20 00:25:54 [http-nio-8090-exec-4] INFO  c.a.f.c.FinancieroController - Solicitud de saldos para usuario ID: 1
2025-10-20 00:25:54 [http-nio-8090-exec-9] INFO  c.a.f.c.FinancieroController - Solicitud de estadísticas para usuario ID: 1
2025-10-20 00:25:54 [http-nio-8090-exec-1] INFO  c.a.f.c.FinancieroController - Solicitud de resumen financiero para usuario ID: 1
2025-10-20 00:25:54 [http-nio-8090-exec-5] INFO  c.a.f.c.FinancieroController - Solicitud de aportes para usuario ID: 1
2025-10-20 00:25:54 [http-nio-8090-exec-4] INFO  c.a.f.c.FinancieroController - Se obtuvieron 2 saldos para usuario ID 1
2025-10-20 00:25:54 [http-nio-8090-exec-9] INFO  c.a.f.c.FinancieroController - Estadísticas generadas correctamente para usuario ID 1
2025-10-20 00:25:54 [http-nio-8090-exec-8] INFO  c.a.f.c.FinancieroController - Comparativo generado correctamente para usuario ID 1
2025-10-20 00:25:54 [http-nio-8090-exec-1] INFO  c.a.f.c.FinancieroController - Resumen financiero generado correctamente para usuario ID: 1
2025-10-20 00:25:54 [http-nio-8090-exec-5] INFO  c.a.f.c.FinancieroController - Se obtuvieron 26 aportes para usuario ID 1
2025-10-20 00:25:54 [http-nio-8090-exec-2] INFO  c.a.f.controller.PensionesController - Solicitando resumen de pensiones para usuario: 1
2025-10-20 00:25:54 [http-nio-8090-exec-6] INFO  c.a.f.controller.PensionesController - Solicitando estado de pensiones para usuario: 1
2025-10-20 00:25:54 [http-nio-8090-exec-2] INFO  c.a.f.service.PensionesServiceImpl - Generando resumen de pensiones para usuario: 1
2025-10-20 00:25:54 [http-nio-8090-exec-7] INFO  c.a.f.controller.PensionesController - Solicitando aportes para usuario: 1
2025-10-20 00:25:54 [http-nio-8090-exec-3] INFO  c.a.f.controller.PensionesController - Solicitando saldos para usuario: 1
2025-10-20 00:37:35 [http-nio-8090-exec-5] INFO  c.a.f.c.FinancieroController - Solicitud de resumen financiero para usuario ID: 1
2025-10-20 00:37:35 [http-nio-8090-exec-7] INFO  c.a.f.c.FinancieroController - Solicitud de estadísticas para usuario ID: 1
2025-10-20 00:37:35 [http-nio-8090-exec-3] INFO  c.a.f.c.FinancieroController - Solicitud de saldos para usuario ID: 1
2025-10-20 00:37:35 [http-nio-8090-exec-6] INFO  c.a.f.c.FinancieroController - Solicitud de aportes para usuario ID: 1
2025-10-20 00:37:35 [http-nio-8090-exec-2] INFO  c.a.f.c.FinancieroController - Solicitud de comparativo financiero para usuario ID: 1
2025-10-20 00:37:35 [http-nio-8090-exec-5] INFO  c.a.f.c.FinancieroController - Resumen financiero generado correctamente para usuario ID: 1
2025-10-20 00:37:35 [http-nio-8090-exec-7] INFO  c.a.f.c.FinancieroController - Estadísticas generadas correctamente para usuario ID 1
2025-10-20 00:37:35 [http-nio-8090-exec-3] INFO  c.a.f.c.FinancieroController - Se obtuvieron 2 saldos para usuario ID 1
2025-10-20 00:37:35 [http-nio-8090-exec-2] INFO  c.a.f.c.FinancieroController - Comparativo generado correctamente para usuario ID 1
2025-10-20 00:37:35 [http-nio-8090-exec-6] INFO  c.a.f.c.FinancieroController - Se obtuvieron 26 aportes para usuario ID 1
2025-10-20 00:37:37 [http-nio-8090-exec-3] INFO  c.a.f.controller.PensionesController - Solicitando saldos para usuario: 1
2025-10-20 00:37:37 [http-nio-8090-exec-2] INFO  c.a.f.controller.PensionesController - Solicitando estado de pensiones para usuario: 1
2025-10-20 00:37:37 [http-nio-8090-exec-7] INFO  c.a.f.controller.PensionesController - Solicitando aportes para usuario: 1
2025-10-20 00:37:37 [http-nio-8090-exec-5] INFO  c.a.f.controller.PensionesController - Solicitando resumen de pensiones para usuario: 1
2025-10-20 00:37:37 [http-nio-8090-exec-5] INFO  c.a.f.service.PensionesServiceImpl - Generando resumen de pensiones para usuario: 1
2025-10-20 00:37:38 [http-nio-8090-exec-6] INFO  c.a.f.controller.PensionesController - Solicitando resumen de pensiones para usuario: 1
2025-10-20 00:37:38 [http-nio-8090-exec-6] INFO  c.a.f.service.PensionesServiceImpl - Generando resumen de pensiones para usuario: 1
2025-10-20 00:37:38 [http-nio-8090-exec-4] INFO  c.a.f.controller.PensionesController - Solicitando saldos para usuario: 1
2025-10-20 00:37:38 [http-nio-8090-exec-10] INFO  c.a.f.controller.PensionesController - Solicitando estado de pensiones para usuario: 1
2025-10-20 00:37:38 [http-nio-8090-exec-8] INFO  c.a.f.controller.PensionesController - Solicitando aportes para usuario: 1
2025-10-20 00:37:42 [http-nio-8090-exec-5] INFO  c.a.f.controller.PensionesController - Solicitando aportes para usuario: 1
2025-10-20 00:37:42 [http-nio-8090-exec-10] INFO  c.a.f.controller.PensionesController - Solicitando estado de pensiones para usuario: 1
2025-10-20 00:37:42 [http-nio-8090-exec-6] INFO  c.a.f.controller.PensionesController - Solicitando saldos para usuario: 1
2025-10-20 00:37:42 [http-nio-8090-exec-7] INFO  c.a.f.controller.PensionesController - Solicitando resumen de pensiones para usuario: 1
2025-10-20 00:37:42 [http-nio-8090-exec-7] INFO  c.a.f.service.PensionesServiceImpl - Generando resumen de pensiones para usuario: 1
2025-10-20 00:37:42 [http-nio-8090-exec-8] INFO  c.a.f.controller.PensionesController - Solicitando aportes para usuario: 1
2025-10-20 00:37:42 [http-nio-8090-exec-2] INFO  c.a.f.controller.PensionesController - Solicitando saldos para usuario: 1
2025-10-20 00:37:42 [http-nio-8090-exec-4] INFO  c.a.f.controller.PensionesController - Solicitando resumen de pensiones para usuario: 1
2025-10-20 00:37:42 [http-nio-8090-exec-4] INFO  c.a.f.service.PensionesServiceImpl - Generando resumen de pensiones para usuario: 1
2025-10-20 00:37:42 [http-nio-8090-exec-3] INFO  c.a.f.controller.PensionesController - Solicitando estado de pensiones para usuario: 1
2025-10-20 00:37:43 [http-nio-8090-exec-1] INFO  c.a.f.c.FinancieroController - Solicitud de aportes para usuario ID: 1
2025-10-20 00:37:43 [http-nio-8090-exec-9] INFO  c.a.f.c.FinancieroController - Solicitud de resumen financiero para usuario ID: 1
2025-10-20 00:37:43 [http-nio-8090-exec-6] INFO  c.a.f.c.FinancieroController - Solicitud de saldos para usuario ID: 1
2025-10-20 00:37:43 [http-nio-8090-exec-10] INFO  c.a.f.c.FinancieroController - Solicitud de estadísticas para usuario ID: 1
2025-10-20 00:37:43 [http-nio-8090-exec-1] INFO  c.a.f.c.FinancieroController - Se obtuvieron 26 aportes para usuario ID 1
2025-10-20 00:37:43 [http-nio-8090-exec-7] INFO  c.a.f.c.FinancieroController - Solicitud de comparativo financiero para usuario ID: 1
2025-10-20 00:37:43 [http-nio-8090-exec-6] INFO  c.a.f.c.FinancieroController - Se obtuvieron 2 saldos para usuario ID 1
2025-10-20 00:37:43 [http-nio-8090-exec-9] INFO  c.a.f.c.FinancieroController - Resumen financiero generado correctamente para usuario ID: 1
2025-10-20 00:37:43 [http-nio-8090-exec-10] INFO  c.a.f.c.FinancieroController - Estadísticas generadas correctamente para usuario ID 1
2025-10-20 00:37:43 [http-nio-8090-exec-7] INFO  c.a.f.c.FinancieroController - Comparativo generado correctamente para usuario ID 1
2025-10-20 00:37:44 [http-nio-8090-exec-3] INFO  c.a.f.c.FinancieroController - Solicitud de aportes para usuario ID: 1
2025-10-20 00:37:44 [http-nio-8090-exec-2] INFO  c.a.f.c.FinancieroController - Solicitud de saldos para usuario ID: 1
2025-10-20 00:37:44 [http-nio-8090-exec-4] INFO  c.a.f.c.FinancieroController - Solicitud de comparativo financiero para usuario ID: 1
2025-10-20 00:37:44 [http-nio-8090-exec-5] INFO  c.a.f.c.FinancieroController - Solicitud de resumen financiero para usuario ID: 1
2025-10-20 00:37:44 [http-nio-8090-exec-8] INFO  c.a.f.c.FinancieroController - Solicitud de estadísticas para usuario ID: 1
2025-10-20 00:37:44 [http-nio-8090-exec-3] INFO  c.a.f.c.FinancieroController - Se obtuvieron 26 aportes para usuario ID 1
2025-10-20 00:37:44 [http-nio-8090-exec-4] INFO  c.a.f.c.FinancieroController - Comparativo generado correctamente para usuario ID 1
2025-10-20 00:37:44 [http-nio-8090-exec-5] INFO  c.a.f.c.FinancieroController - Resumen financiero generado correctamente para usuario ID: 1
2025-10-20 00:37:44 [http-nio-8090-exec-2] INFO  c.a.f.c.FinancieroController - Se obtuvieron 2 saldos para usuario ID 1
2025-10-20 00:37:44 [http-nio-8090-exec-8] INFO  c.a.f.c.FinancieroController - Estadísticas generadas correctamente para usuario ID 1
2025-10-20 00:37:44 [http-nio-8090-exec-6] INFO  c.a.f.controller.PensionesController - Solicitando aportes para usuario: 1
2025-10-20 00:37:44 [http-nio-8090-exec-10] INFO  c.a.f.controller.PensionesController - Solicitando estado de pensiones para usuario: 1
2025-10-20 00:37:44 [http-nio-8090-exec-1] INFO  c.a.f.controller.PensionesController - Solicitando saldos para usuario: 1
2025-10-20 00:37:44 [http-nio-8090-exec-9] INFO  c.a.f.controller.PensionesController - Solicitando resumen de pensiones para usuario: 1
2025-10-20 00:37:44 [http-nio-8090-exec-9] INFO  c.a.f.service.PensionesServiceImpl - Generando resumen de pensiones para usuario: 1
2025-10-20 00:37:44 [http-nio-8090-exec-8] INFO  c.a.f.c.FinancieroController - Solicitud de comparativo financiero para usuario ID: 1
2025-10-20 00:37:44 [http-nio-8090-exec-5] INFO  c.a.f.c.FinancieroController - Solicitud de saldos para usuario ID: 1
2025-10-20 00:37:44 [http-nio-8090-exec-4] INFO  c.a.f.c.FinancieroController - Solicitud de aportes para usuario ID: 1
2025-10-20 00:37:44 [http-nio-8090-exec-7] INFO  c.a.f.c.FinancieroController - Solicitud de resumen financiero para usuario ID: 1
2025-10-20 00:37:44 [http-nio-8090-exec-3] INFO  c.a.f.c.FinancieroController - Solicitud de estadísticas para usuario ID: 1
2025-10-20 00:37:44 [http-nio-8090-exec-5] INFO  c.a.f.c.FinancieroController - Se obtuvieron 2 saldos para usuario ID 1
2025-10-20 00:37:44 [http-nio-8090-exec-3] INFO  c.a.f.c.FinancieroController - Estadísticas generadas correctamente para usuario ID 1
2025-10-20 00:37:44 [http-nio-8090-exec-7] INFO  c.a.f.c.FinancieroController - Resumen financiero generado correctamente para usuario ID: 1
2025-10-20 00:37:44 [http-nio-8090-exec-4] INFO  c.a.f.c.FinancieroController - Se obtuvieron 26 aportes para usuario ID 1
2025-10-20 00:37:44 [http-nio-8090-exec-8] INFO  c.a.f.c.FinancieroController - Comparativo generado correctamente para usuario ID 1
2025-10-20 00:37:45 [http-nio-8090-exec-2] INFO  c.a.f.controller.PensionesController - Solicitando resumen de pensiones para usuario: 1
2025-10-20 00:37:45 [http-nio-8090-exec-1] INFO  c.a.f.controller.PensionesController - Solicitando saldos para usuario: 1
2025-10-20 00:37:45 [http-nio-8090-exec-9] INFO  c.a.f.controller.PensionesController - Solicitando aportes para usuario: 1
2025-10-20 00:37:45 [http-nio-8090-exec-6] INFO  c.a.f.controller.PensionesController - Solicitando estado de pensiones para usuario: 1
2025-10-20 00:37:45 [http-nio-8090-exec-2] INFO  c.a.f.service.PensionesServiceImpl - Generando resumen de pensiones para usuario: 1
2025-10-20 00:37:45 [http-nio-8090-exec-10] INFO  c.a.f.c.FinancieroController - Solicitud de resumen financiero para usuario ID: 1
2025-10-20 00:37:45 [http-nio-8090-exec-3] INFO  c.a.f.c.FinancieroController - Solicitud de aportes para usuario ID: 1
2025-10-20 00:37:45 [http-nio-8090-exec-5] INFO  c.a.f.c.FinancieroController - Solicitud de estadísticas para usuario ID: 1
2025-10-20 00:37:45 [http-nio-8090-exec-8] INFO  c.a.f.c.FinancieroController - Solicitud de comparativo financiero para usuario ID: 1
2025-10-20 00:37:45 [http-nio-8090-exec-7] INFO  c.a.f.c.FinancieroController - Solicitud de saldos para usuario ID: 1
2025-10-20 00:37:45 [http-nio-8090-exec-3] INFO  c.a.f.c.FinancieroController - Se obtuvieron 26 aportes para usuario ID 1
2025-10-20 00:37:45 [http-nio-8090-exec-10] INFO  c.a.f.c.FinancieroController - Resumen financiero generado correctamente para usuario ID: 1
2025-10-20 00:37:45 [http-nio-8090-exec-5] INFO  c.a.f.c.FinancieroController - Estadísticas generadas correctamente para usuario ID 1
2025-10-20 00:37:45 [http-nio-8090-exec-7] INFO  c.a.f.c.FinancieroController - Se obtuvieron 2 saldos para usuario ID 1
2025-10-20 00:37:45 [http-nio-8090-exec-8] INFO  c.a.f.c.FinancieroController - Comparativo generado correctamente para usuario ID 1
2025-10-20 00:37:45 [http-nio-8090-exec-4] INFO  c.a.f.controller.PensionesController - Solicitando resumen de pensiones para usuario: 1
2025-10-20 00:37:45 [http-nio-8090-exec-2] INFO  c.a.f.controller.PensionesController - Solicitando estado de pensiones para usuario: 1
2025-10-20 00:37:45 [http-nio-8090-exec-9] INFO  c.a.f.controller.PensionesController - Solicitando saldos para usuario: 1
2025-10-20 00:37:45 [http-nio-8090-exec-4] INFO  c.a.f.service.PensionesServiceImpl - Generando resumen de pensiones para usuario: 1
2025-10-20 00:37:45 [http-nio-8090-exec-6] INFO  c.a.f.controller.PensionesController - Solicitando aportes para usuario: 1
2025-10-20 00:37:57 [http-nio-8090-exec-8] INFO  c.a.f.controller.UsuarioController - Intento de login con DNI: 12345678
2025-10-20 00:37:57 [http-nio-8090-exec-8] INFO  c.a.f.controller.UsuarioController - Login exitoso para usuario: Carlos Mendoza
2025-10-20 00:54:59 [http-nio-8090-exec-9] INFO  c.a.f.c.FinancieroController - Solicitud de aportes para usuario ID: 1
2025-10-20 00:54:59 [http-nio-8090-exec-7] INFO  c.a.f.c.FinancieroController - Solicitud de resumen financiero para usuario ID: 1
2025-10-20 00:54:59 [http-nio-8090-exec-6] INFO  c.a.f.c.FinancieroController - Solicitud de saldos para usuario ID: 1
2025-10-20 00:54:59 [http-nio-8090-exec-4] INFO  c.a.f.c.FinancieroController - Solicitud de estadísticas para usuario ID: 1
2025-10-20 00:54:59 [http-nio-8090-exec-2] INFO  c.a.f.c.FinancieroController - Solicitud de comparativo financiero para usuario ID: 1
2025-10-20 00:54:59 [http-nio-8090-exec-9] INFO  c.a.f.c.FinancieroController - Se obtuvieron 26 aportes para usuario ID 1
2025-10-20 00:54:59 [http-nio-8090-exec-4] INFO  c.a.f.c.FinancieroController - Estadísticas generadas correctamente para usuario ID 1
2025-10-20 00:54:59 [http-nio-8090-exec-6] INFO  c.a.f.c.FinancieroController - Se obtuvieron 2 saldos para usuario ID 1
2025-10-20 00:54:59 [http-nio-8090-exec-7] INFO  c.a.f.c.FinancieroController - Resumen financiero generado correctamente para usuario ID: 1
2025-10-20 00:54:59 [http-nio-8090-exec-2] INFO  c.a.f.c.FinancieroController - Comparativo generado correctamente para usuario ID 1
2025-10-20 00:54:59 [http-nio-8090-exec-1] INFO  c.a.f.controller.PensionesController - Solicitando aportes para usuario: 1
2025-10-20 00:54:59 [http-nio-8090-exec-3] INFO  c.a.f.controller.PensionesController - Solicitando saldos para usuario: 1
2025-10-20 00:54:59 [http-nio-8090-exec-5] INFO  c.a.f.controller.PensionesController - Solicitando estado de pensiones para usuario: 1
2025-10-20 00:54:59 [http-nio-8090-exec-10] INFO  c.a.f.controller.PensionesController - Solicitando resumen de pensiones para usuario: 1
2025-10-20 00:54:59 [http-nio-8090-exec-10] INFO  c.a.f.service.PensionesServiceImpl - Generando resumen de pensiones para usuario: 1
2025-10-20 00:55:00 [http-nio-8090-exec-4] INFO  c.a.f.c.FinancieroController - Solicitud de saldos para usuario ID: 1
2025-10-20 00:55:00 [http-nio-8090-exec-9] INFO  c.a.f.c.FinancieroController - Solicitud de aportes para usuario ID: 1
2025-10-20 00:55:00 [http-nio-8090-exec-8] INFO  c.a.f.c.FinancieroController - Solicitud de resumen financiero para usuario ID: 1
2025-10-20 00:55:00 [http-nio-8090-exec-6] INFO  c.a.f.c.FinancieroController - Solicitud de estadísticas para usuario ID: 1
2025-10-20 00:55:00 [http-nio-8090-exec-7] INFO  c.a.f.c.FinancieroController - Solicitud de comparativo financiero para usuario ID: 1
2025-10-20 00:55:00 [http-nio-8090-exec-9] INFO  c.a.f.c.FinancieroController - Se obtuvieron 26 aportes para usuario ID 1
2025-10-20 00:55:00 [http-nio-8090-exec-7] INFO  c.a.f.c.FinancieroController - Comparativo generado correctamente para usuario ID 1
2025-10-20 00:55:00 [http-nio-8090-exec-8] INFO  c.a.f.c.FinancieroController - Resumen financiero generado correctamente para usuario ID: 1
2025-10-20 00:55:00 [http-nio-8090-exec-4] INFO  c.a.f.c.FinancieroController - Se obtuvieron 2 saldos para usuario ID 1
2025-10-20 00:55:00 [http-nio-8090-exec-6] INFO  c.a.f.c.FinancieroController - Estadísticas generadas correctamente para usuario ID 1
2025-10-20 00:56:36 [http-nio-8090-exec-7] INFO  c.a.f.c.FinancieroController - Solicitud de resumen financiero para usuario ID: 1
2025-10-20 00:56:36 [http-nio-8090-exec-9] INFO  c.a.f.c.FinancieroController - Solicitud de estadísticas para usuario ID: 1
2025-10-20 00:56:36 [http-nio-8090-exec-6] INFO  c.a.f.c.FinancieroController - Solicitud de saldos para usuario ID: 1
2025-10-20 00:56:36 [http-nio-8090-exec-9] INFO  c.a.f.c.FinancieroController - Estadísticas generadas correctamente para usuario ID 1
2025-10-20 00:56:36 [http-nio-8090-exec-4] INFO  c.a.f.c.FinancieroController - Solicitud de comparativo financiero para usuario ID: 1
2025-10-20 00:56:36 [http-nio-8090-exec-8] INFO  c.a.f.c.FinancieroController - Solicitud de aportes para usuario ID: 1
2025-10-20 00:56:36 [http-nio-8090-exec-6] INFO  c.a.f.c.FinancieroController - Se obtuvieron 2 saldos para usuario ID 1
2025-10-20 00:56:36 [http-nio-8090-exec-4] INFO  c.a.f.c.FinancieroController - Comparativo generado correctamente para usuario ID 1
2025-10-20 00:56:36 [http-nio-8090-exec-7] INFO  c.a.f.c.FinancieroController - Resumen financiero generado correctamente para usuario ID: 1
2025-10-20 00:56:36 [http-nio-8090-exec-8] INFO  c.a.f.c.FinancieroController - Se obtuvieron 26 aportes para usuario ID 1
2025-10-20 00:56:38 [http-nio-8090-exec-4] INFO  c.a.f.controller.PensionesController - Solicitando resumen de pensiones para usuario: 1
2025-10-20 00:56:38 [http-nio-8090-exec-4] INFO  c.a.f.service.PensionesServiceImpl - Generando resumen de pensiones para usuario: 1
2025-10-20 00:56:38 [http-nio-8090-exec-8] INFO  c.a.f.controller.PensionesController - Solicitando estado de pensiones para usuario: 1
2025-10-20 00:56:38 [http-nio-8090-exec-7] INFO  c.a.f.controller.PensionesController - Solicitando saldos para usuario: 1
2025-10-20 00:56:38 [http-nio-8090-exec-6] INFO  c.a.f.controller.PensionesController - Solicitando aportes para usuario: 1
2025-10-20 00:56:39 [http-nio-8090-exec-5] INFO  c.a.f.c.FinancieroController - Solicitud de aportes para usuario ID: 1
2025-10-20 00:56:39 [http-nio-8090-exec-3] INFO  c.a.f.c.FinancieroController - Solicitud de saldos para usuario ID: 1
2025-10-20 00:56:39 [http-nio-8090-exec-3] INFO  c.a.f.c.FinancieroController - Se obtuvieron 2 saldos para usuario ID 1
2025-10-20 00:56:39 [http-nio-8090-exec-5] INFO  c.a.f.c.FinancieroController - Se obtuvieron 26 aportes para usuario ID 1
2025-10-20 00:56:39 [http-nio-8090-exec-1] INFO  c.a.f.c.FinancieroController - Solicitud de estadísticas para usuario ID: 1
2025-10-20 00:56:39 [http-nio-8090-exec-10] INFO  c.a.f.c.FinancieroController - Solicitud de comparativo financiero para usuario ID: 1
2025-10-20 00:56:39 [http-nio-8090-exec-2] INFO  c.a.f.c.FinancieroController - Solicitud de resumen financiero para usuario ID: 1
2025-10-20 00:56:39 [http-nio-8090-exec-1] INFO  c.a.f.c.FinancieroController - Estadísticas generadas correctamente para usuario ID 1
2025-10-20 00:56:39 [http-nio-8090-exec-10] INFO  c.a.f.c.FinancieroController - Comparativo generado correctamente para usuario ID 1
2025-10-20 00:56:39 [http-nio-8090-exec-2] INFO  c.a.f.c.FinancieroController - Resumen financiero generado correctamente para usuario ID: 1
2025-10-20 00:58:56 [http-nio-8090-exec-4] INFO  c.a.f.c.FinancieroController - Solicitud de estadísticas para usuario ID: 1
2025-10-20 00:58:56 [http-nio-8090-exec-8] INFO  c.a.f.c.FinancieroController - Solicitud de saldos para usuario ID: 1
2025-10-20 00:58:56 [http-nio-8090-exec-7] INFO  c.a.f.c.FinancieroController - Solicitud de comparativo financiero para usuario ID: 1
2025-10-20 00:58:56 [http-nio-8090-exec-4] INFO  c.a.f.c.FinancieroController - Estadísticas generadas correctamente para usuario ID 1
2025-10-20 00:58:56 [http-nio-8090-exec-2] INFO  c.a.f.c.FinancieroController - Solicitud de aportes para usuario ID: 1
2025-10-20 00:58:56 [http-nio-8090-exec-10] INFO  c.a.f.c.FinancieroController - Solicitud de resumen financiero para usuario ID: 1
2025-10-20 00:58:56 [http-nio-8090-exec-8] INFO  c.a.f.c.FinancieroController - Se obtuvieron 2 saldos para usuario ID 1
2025-10-20 00:58:56 [http-nio-8090-exec-7] INFO  c.a.f.c.FinancieroController - Comparativo generado correctamente para usuario ID 1
2025-10-20 00:58:56 [http-nio-8090-exec-2] INFO  c.a.f.c.FinancieroController - Se obtuvieron 26 aportes para usuario ID 1
2025-10-20 00:58:56 [http-nio-8090-exec-10] INFO  c.a.f.c.FinancieroController - Resumen financiero generado correctamente para usuario ID: 1
2025-10-20 00:58:58 [http-nio-8090-exec-9] INFO  c.a.f.c.FinancieroController - Solicitud de resumen financiero para usuario ID: 1
2025-10-20 00:58:58 [http-nio-8090-exec-1] INFO  c.a.f.c.FinancieroController - Solicitud de estadísticas para usuario ID: 1
2025-10-20 00:58:58 [http-nio-8090-exec-1] INFO  c.a.f.c.FinancieroController - Estadísticas generadas correctamente para usuario ID 1
2025-10-20 00:58:58 [http-nio-8090-exec-5] INFO  c.a.f.c.FinancieroController - Solicitud de saldos para usuario ID: 1
2025-10-20 00:58:58 [http-nio-8090-exec-5] INFO  c.a.f.c.FinancieroController - Se obtuvieron 2 saldos para usuario ID 1
2025-10-20 00:58:58 [http-nio-8090-exec-9] INFO  c.a.f.c.FinancieroController - Resumen financiero generado correctamente para usuario ID: 1
2025-10-20 00:58:58 [http-nio-8090-exec-3] INFO  c.a.f.c.FinancieroController - Solicitud de comparativo financiero para usuario ID: 1
2025-10-20 00:58:58 [http-nio-8090-exec-6] INFO  c.a.f.c.FinancieroController - Solicitud de aportes para usuario ID: 1
2025-10-20 00:58:58 [http-nio-8090-exec-3] INFO  c.a.f.c.FinancieroController - Comparativo generado correctamente para usuario ID 1
2025-10-20 00:58:58 [http-nio-8090-exec-6] INFO  c.a.f.c.FinancieroController - Se obtuvieron 26 aportes para usuario ID 1
2025-10-20 00:59:00 [http-nio-8090-exec-7] INFO  c.a.f.c.FinancieroController - Solicitud de aportes para usuario ID: 1
2025-10-20 00:59:00 [http-nio-8090-exec-4] INFO  c.a.f.c.FinancieroController - Solicitud de resumen financiero para usuario ID: 1
2025-10-20 00:59:00 [http-nio-8090-exec-7] INFO  c.a.f.c.FinancieroController - Se obtuvieron 26 aportes para usuario ID 1
2025-10-20 00:59:00 [http-nio-8090-exec-8] INFO  c.a.f.c.FinancieroController - Solicitud de saldos para usuario ID: 1
2025-10-20 00:59:00 [http-nio-8090-exec-8] INFO  c.a.f.c.FinancieroController - Se obtuvieron 2 saldos para usuario ID 1
2025-10-20 00:59:00 [http-nio-8090-exec-2] INFO  c.a.f.c.FinancieroController - Solicitud de estadísticas para usuario ID: 1
2025-10-20 00:59:00 [http-nio-8090-exec-4] INFO  c.a.f.c.FinancieroController - Resumen financiero generado correctamente para usuario ID: 1
2025-10-20 00:59:00 [http-nio-8090-exec-10] INFO  c.a.f.c.FinancieroController - Solicitud de comparativo financiero para usuario ID: 1
2025-10-20 00:59:00 [http-nio-8090-exec-10] INFO  c.a.f.c.FinancieroController - Comparativo generado correctamente para usuario ID 1
2025-10-20 00:59:00 [http-nio-8090-exec-2] INFO  c.a.f.c.FinancieroController - Estadísticas generadas correctamente para usuario ID 1
2025-10-20 00:59:01 [http-nio-8090-exec-3] INFO  c.a.f.c.FinancieroController - Solicitud de saldos para usuario ID: 1
2025-10-20 00:59:01 [http-nio-8090-exec-5] INFO  c.a.f.c.FinancieroController - Solicitud de aportes para usuario ID: 1
2025-10-20 00:59:01 [http-nio-8090-exec-4] INFO  c.a.f.c.FinancieroController - Solicitud de comparativo financiero para usuario ID: 1
2025-10-20 00:59:01 [http-nio-8090-exec-6] INFO  c.a.f.c.FinancieroController - Solicitud de estadísticas para usuario ID: 1
2025-10-20 00:59:01 [http-nio-8090-exec-9] INFO  c.a.f.c.FinancieroController - Solicitud de resumen financiero para usuario ID: 1
2025-10-20 00:59:01 [http-nio-8090-exec-3] INFO  c.a.f.c.FinancieroController - Se obtuvieron 2 saldos para usuario ID 1
2025-10-20 00:59:01 [http-nio-8090-exec-5] INFO  c.a.f.c.FinancieroController - Se obtuvieron 26 aportes para usuario ID 1
2025-10-20 00:59:01 [http-nio-8090-exec-4] INFO  c.a.f.c.FinancieroController - Comparativo generado correctamente para usuario ID 1
2025-10-20 00:59:01 [http-nio-8090-exec-6] INFO  c.a.f.c.FinancieroController - Estadísticas generadas correctamente para usuario ID 1
2025-10-20 00:59:01 [http-nio-8090-exec-9] INFO  c.a.f.c.FinancieroController - Resumen financiero generado correctamente para usuario ID: 1
2025-10-20 00:59:02 [http-nio-8090-exec-8] INFO  c.a.f.controller.PensionesController - Solicitando aportes para usuario: 1
2025-10-20 00:59:02 [http-nio-8090-exec-2] INFO  c.a.f.controller.PensionesController - Solicitando estado de pensiones para usuario: 1
2025-10-20 00:59:02 [http-nio-8090-exec-10] INFO  c.a.f.controller.PensionesController - Solicitando saldos para usuario: 1
2025-10-20 00:59:02 [http-nio-8090-exec-7] INFO  c.a.f.controller.PensionesController - Solicitando resumen de pensiones para usuario: 1
2025-10-20 00:59:02 [http-nio-8090-exec-7] INFO  c.a.f.service.PensionesServiceImpl - Generando resumen de pensiones para usuario: 1
2025-10-20 00:59:02 [http-nio-8090-exec-7] INFO  c.a.f.c.FinancieroController - Solicitud de saldos para usuario ID: 1
2025-10-20 00:59:02 [http-nio-8090-exec-8] INFO  c.a.f.c.FinancieroController - Solicitud de comparativo financiero para usuario ID: 1
2025-10-20 00:59:02 [http-nio-8090-exec-9] INFO  c.a.f.c.FinancieroController - Solicitud de resumen financiero para usuario ID: 1
2025-10-20 00:59:02 [http-nio-8090-exec-10] INFO  c.a.f.c.FinancieroController - Solicitud de estadísticas para usuario ID: 1
2025-10-20 00:59:02 [http-nio-8090-exec-2] INFO  c.a.f.c.FinancieroController - Solicitud de aportes para usuario ID: 1
2025-10-20 00:59:02 [http-nio-8090-exec-2] INFO  c.a.f.c.FinancieroController - Se obtuvieron 26 aportes para usuario ID 1
2025-10-20 00:59:02 [http-nio-8090-exec-10] INFO  c.a.f.c.FinancieroController - Estadísticas generadas correctamente para usuario ID 1
2025-10-20 00:59:02 [http-nio-8090-exec-9] INFO  c.a.f.c.FinancieroController - Resumen financiero generado correctamente para usuario ID: 1
2025-10-20 00:59:03 [http-nio-8090-exec-8] INFO  c.a.f.c.FinancieroController - Comparativo generado correctamente para usuario ID 1
2025-10-20 00:59:03 [http-nio-8090-exec-7] INFO  c.a.f.c.FinancieroController - Se obtuvieron 2 saldos para usuario ID 1
2025-10-20 01:03:17 [http-nio-8090-exec-10] INFO  c.a.f.c.FinancieroController - Solicitud de resumen financiero para usuario ID: 1
2025-10-20 01:03:17 [http-nio-8090-exec-9] INFO  c.a.f.c.FinancieroController - Solicitud de aportes para usuario ID: 1
2025-10-20 01:03:17 [http-nio-8090-exec-9] INFO  c.a.f.c.FinancieroController - Se obtuvieron 26 aportes para usuario ID 1
2025-10-20 01:03:17 [http-nio-8090-exec-8] INFO  c.a.f.c.FinancieroController - Solicitud de saldos para usuario ID: 1
2025-10-20 01:03:17 [http-nio-8090-exec-10] INFO  c.a.f.c.FinancieroController - Resumen financiero generado correctamente para usuario ID: 1
2025-10-20 01:03:17 [http-nio-8090-exec-8] INFO  c.a.f.c.FinancieroController - Se obtuvieron 2 saldos para usuario ID 1
2025-10-20 01:03:17 [http-nio-8090-exec-2] INFO  c.a.f.c.FinancieroController - Solicitud de estadísticas para usuario ID: 1
2025-10-20 01:03:17 [http-nio-8090-exec-7] INFO  c.a.f.c.FinancieroController - Solicitud de comparativo financiero para usuario ID: 1
2025-10-20 01:03:17 [http-nio-8090-exec-2] INFO  c.a.f.c.FinancieroController - Estadísticas generadas correctamente para usuario ID 1
2025-10-20 01:03:17 [http-nio-8090-exec-7] INFO  c.a.f.c.FinancieroController - Comparativo generado correctamente para usuario ID 1
2025-10-20 01:03:19 [http-nio-8090-exec-5] INFO  c.a.f.c.FinancieroController - Solicitud de saldos para usuario ID: 1
2025-10-20 01:03:19 [http-nio-8090-exec-1] INFO  c.a.f.c.FinancieroController - Solicitud de aportes para usuario ID: 1
2025-10-20 01:03:19 [http-nio-8090-exec-3] INFO  c.a.f.c.FinancieroController - Solicitud de resumen financiero para usuario ID: 1
2025-10-20 01:03:19 [http-nio-8090-exec-10] INFO  c.a.f.c.FinancieroController - Solicitud de comparativo financiero para usuario ID: 1
2025-10-20 01:03:19 [http-nio-8090-exec-1] INFO  c.a.f.c.FinancieroController - Se obtuvieron 26 aportes para usuario ID 1
2025-10-20 01:03:19 [http-nio-8090-exec-4] INFO  c.a.f.c.FinancieroController - Solicitud de estadísticas para usuario ID: 1
2025-10-20 01:03:19 [http-nio-8090-exec-5] INFO  c.a.f.c.FinancieroController - Se obtuvieron 2 saldos para usuario ID 1
2025-10-20 01:03:19 [http-nio-8090-exec-3] INFO  c.a.f.c.FinancieroController - Resumen financiero generado correctamente para usuario ID: 1
2025-10-20 01:03:19 [http-nio-8090-exec-10] INFO  c.a.f.c.FinancieroController - Comparativo generado correctamente para usuario ID 1
2025-10-20 01:03:19 [http-nio-8090-exec-4] INFO  c.a.f.c.FinancieroController - Estadísticas generadas correctamente para usuario ID 1
2025-10-20 01:03:19 [http-nio-8090-exec-2] INFO  c.a.f.controller.PensionesController - Solicitando resumen de pensiones para usuario: 1
2025-10-20 01:03:19 [http-nio-8090-exec-7] INFO  c.a.f.controller.PensionesController - Solicitando estado de pensiones para usuario: 1
2025-10-20 01:03:19 [http-nio-8090-exec-9] INFO  c.a.f.controller.PensionesController - Solicitando saldos para usuario: 1
2025-10-20 01:03:19 [http-nio-8090-exec-8] INFO  c.a.f.controller.PensionesController - Solicitando aportes para usuario: 1
2025-10-20 01:03:19 [http-nio-8090-exec-2] INFO  c.a.f.service.PensionesServiceImpl - Generando resumen de pensiones para usuario: 1
2025-10-20 01:03:43 [http-nio-8090-exec-9] INFO  c.a.f.c.FinancieroController - Solicitud de aportes para usuario ID: 1
2025-10-20 01:03:43 [http-nio-8090-exec-8] INFO  c.a.f.c.FinancieroController - Solicitud de saldos para usuario ID: 1
2025-10-20 01:03:43 [http-nio-8090-exec-2] INFO  c.a.f.c.FinancieroController - Solicitud de estadísticas para usuario ID: 1
2025-10-20 01:03:43 [http-nio-8090-exec-4] INFO  c.a.f.c.FinancieroController - Solicitud de resumen financiero para usuario ID: 1
2025-10-20 01:03:43 [http-nio-8090-exec-8] INFO  c.a.f.c.FinancieroController - Se obtuvieron 2 saldos para usuario ID 1
2025-10-20 01:03:43 [http-nio-8090-exec-7] INFO  c.a.f.c.FinancieroController - Solicitud de comparativo financiero para usuario ID: 1
2025-10-20 01:03:43 [http-nio-8090-exec-9] INFO  c.a.f.c.FinancieroController - Se obtuvieron 26 aportes para usuario ID 1
2025-10-20 01:03:43 [http-nio-8090-exec-2] INFO  c.a.f.c.FinancieroController - Estadísticas generadas correctamente para usuario ID 1
2025-10-20 01:03:43 [http-nio-8090-exec-7] INFO  c.a.f.c.FinancieroController - Comparativo generado correctamente para usuario ID 1
2025-10-20 01:03:43 [http-nio-8090-exec-4] INFO  c.a.f.c.FinancieroController - Resumen financiero generado correctamente para usuario ID: 1
2025-10-20 01:03:44 [http-nio-8090-exec-10] INFO  c.a.f.controller.PensionesController - Solicitando aportes para usuario: 1
2025-10-20 01:03:44 [http-nio-8090-exec-6] INFO  c.a.f.controller.PensionesController - Solicitando saldos para usuario: 1
2025-10-20 01:03:44 [http-nio-8090-exec-3] INFO  c.a.f.controller.PensionesController - Solicitando estado de pensiones para usuario: 1
2025-10-20 01:03:44 [http-nio-8090-exec-1] INFO  c.a.f.controller.PensionesController - Solicitando resumen de pensiones para usuario: 1
2025-10-20 01:03:44 [http-nio-8090-exec-1] INFO  c.a.f.service.PensionesServiceImpl - Generando resumen de pensiones para usuario: 1
2025-10-20 01:05:32 [http-nio-8090-exec-4] INFO  c.a.f.controller.PensionesController - Solicitando resumen de pensiones para usuario: 1
2025-10-20 01:05:32 [http-nio-8090-exec-4] INFO  c.a.f.service.PensionesServiceImpl - Generando resumen de pensiones para usuario: 1
2025-10-20 01:05:32 [http-nio-8090-exec-3] INFO  c.a.f.controller.PensionesController - Solicitando aportes para usuario: 1
2025-10-20 01:05:32 [http-nio-8090-exec-6] INFO  c.a.f.controller.PensionesController - Solicitando estado de pensiones para usuario: 1
2025-10-20 01:05:32 [http-nio-8090-exec-10] INFO  c.a.f.controller.PensionesController - Solicitando saldos para usuario: 1
2025-10-20 01:05:43 [http-nio-8090-exec-6] INFO  c.a.f.c.FinancieroController - Solicitud de comparativo financiero para usuario ID: 1
2025-10-20 01:05:43 [http-nio-8090-exec-3] INFO  c.a.f.c.FinancieroController - Solicitud de saldos para usuario ID: 1
2025-10-20 01:05:43 [http-nio-8090-exec-4] INFO  c.a.f.c.FinancieroController - Solicitud de estadísticas para usuario ID: 1
2025-10-20 01:05:43 [http-nio-8090-exec-9] INFO  c.a.f.c.FinancieroController - Solicitud de aportes para usuario ID: 1
2025-10-20 01:05:43 [http-nio-8090-exec-5] INFO  c.a.f.c.FinancieroController - Solicitud de resumen financiero para usuario ID: 1
2025-10-20 01:05:43 [http-nio-8090-exec-3] INFO  c.a.f.c.FinancieroController - Se obtuvieron 2 saldos para usuario ID 1
2025-10-20 01:05:43 [http-nio-8090-exec-9] INFO  c.a.f.c.FinancieroController - Se obtuvieron 26 aportes para usuario ID 1
2025-10-20 01:05:43 [http-nio-8090-exec-4] INFO  c.a.f.c.FinancieroController - Estadísticas generadas correctamente para usuario ID 1
2025-10-20 01:05:43 [http-nio-8090-exec-5] INFO  c.a.f.c.FinancieroController - Resumen financiero generado correctamente para usuario ID: 1
2025-10-20 01:05:43 [http-nio-8090-exec-6] INFO  c.a.f.c.FinancieroController - Comparativo generado correctamente para usuario ID 1
2025-10-20 01:05:43 [http-nio-8090-exec-1] INFO  c.a.f.controller.PensionesController - Solicitando aportes para usuario: 1
2025-10-20 01:05:43 [http-nio-8090-exec-10] INFO  c.a.f.controller.PensionesController - Solicitando resumen de pensiones para usuario: 1
2025-10-20 01:05:43 [http-nio-8090-exec-10] INFO  c.a.f.service.PensionesServiceImpl - Generando resumen de pensiones para usuario: 1
2025-10-20 01:05:43 [http-nio-8090-exec-8] INFO  c.a.f.controller.PensionesController - Solicitando estado de pensiones para usuario: 1
2025-10-20 01:05:43 [http-nio-8090-exec-7] INFO  c.a.f.controller.PensionesController - Solicitando saldos para usuario: 1
2025-10-20 01:06:43 [http-nio-8090-exec-8] INFO  c.a.f.c.FinancieroController - Solicitud de saldos para usuario ID: 1
2025-10-20 01:06:43 [http-nio-8090-exec-7] INFO  c.a.f.c.FinancieroController - Solicitud de comparativo financiero para usuario ID: 1
2025-10-20 01:06:43 [http-nio-8090-exec-1] INFO  c.a.f.c.FinancieroController - Solicitud de estadísticas para usuario ID: 1
2025-10-20 01:06:43 [http-nio-8090-exec-6] INFO  c.a.f.c.FinancieroController - Solicitud de resumen financiero para usuario ID: 1
2025-10-20 01:06:43 [http-nio-8090-exec-10] INFO  c.a.f.c.FinancieroController - Solicitud de aportes para usuario ID: 1
2025-10-20 01:06:43 [http-nio-8090-exec-8] INFO  c.a.f.c.FinancieroController - Se obtuvieron 2 saldos para usuario ID 1
2025-10-20 01:06:43 [http-nio-8090-exec-7] INFO  c.a.f.c.FinancieroController - Comparativo generado correctamente para usuario ID 1
2025-10-20 01:06:43 [http-nio-8090-exec-1] INFO  c.a.f.c.FinancieroController - Estadísticas generadas correctamente para usuario ID 1
2025-10-20 01:06:43 [http-nio-8090-exec-10] INFO  c.a.f.c.FinancieroController - Se obtuvieron 26 aportes para usuario ID 1
2025-10-20 01:06:43 [http-nio-8090-exec-6] INFO  c.a.f.c.FinancieroController - Resumen financiero generado correctamente para usuario ID: 1
2025-10-20 01:06:43 [http-nio-8090-exec-2] INFO  c.a.f.controller.PensionesController - Solicitando saldos para usuario: 1
2025-10-20 01:06:43 [http-nio-8090-exec-5] INFO  c.a.f.controller.PensionesController - Solicitando estado de pensiones para usuario: 1
2025-10-20 01:06:43 [http-nio-8090-exec-9] INFO  c.a.f.controller.PensionesController - Solicitando aportes para usuario: 1
2025-10-20 01:06:43 [http-nio-8090-exec-4] INFO  c.a.f.controller.PensionesController - Solicitando resumen de pensiones para usuario: 1
2025-10-20 01:06:43 [http-nio-8090-exec-4] INFO  c.a.f.service.PensionesServiceImpl - Generando resumen de pensiones para usuario: 1
2025-10-20 01:06:46 [http-nio-8090-exec-7] INFO  c.a.f.controller.PensionesController - Solicitando aportes para usuario: 1
2025-10-20 01:06:46 [http-nio-8090-exec-3] INFO  c.a.f.controller.PensionesController - Solicitando resumen de pensiones para usuario: 1
2025-10-20 01:06:46 [http-nio-8090-exec-1] INFO  c.a.f.controller.PensionesController - Solicitando estado de pensiones para usuario: 1
2025-10-20 01:06:46 [http-nio-8090-exec-8] INFO  c.a.f.controller.PensionesController - Solicitando saldos para usuario: 1
2025-10-20 01:06:46 [http-nio-8090-exec-3] INFO  c.a.f.service.PensionesServiceImpl - Generando resumen de pensiones para usuario: 1
2025-10-20 01:06:46 [http-nio-8090-exec-10] INFO  c.a.f.c.FinancieroController - Solicitud de aportes para usuario ID: 1
2025-10-20 01:06:46 [http-nio-8090-exec-5] INFO  c.a.f.c.FinancieroController - Solicitud de saldos para usuario ID: 1
2025-10-20 01:06:46 [http-nio-8090-exec-2] INFO  c.a.f.c.FinancieroController - Solicitud de estadísticas para usuario ID: 1
2025-10-20 01:06:46 [http-nio-8090-exec-10] INFO  c.a.f.c.FinancieroController - Se obtuvieron 26 aportes para usuario ID 1
2025-10-20 01:06:46 [http-nio-8090-exec-5] INFO  c.a.f.c.FinancieroController - Se obtuvieron 2 saldos para usuario ID 1
2025-10-20 01:06:46 [http-nio-8090-exec-9] INFO  c.a.f.c.FinancieroController - Solicitud de comparativo financiero para usuario ID: 1
2025-10-20 01:06:46 [http-nio-8090-exec-6] INFO  c.a.f.c.FinancieroController - Solicitud de resumen financiero para usuario ID: 1
2025-10-20 01:06:46 [http-nio-8090-exec-9] INFO  c.a.f.c.FinancieroController - Comparativo generado correctamente para usuario ID 1
2025-10-20 01:06:46 [http-nio-8090-exec-2] INFO  c.a.f.c.FinancieroController - Estadísticas generadas correctamente para usuario ID 1
2025-10-20 01:06:46 [http-nio-8090-exec-6] INFO  c.a.f.c.FinancieroController - Resumen financiero generado correctamente para usuario ID: 1
2025-10-20 01:08:49 [http-nio-8090-exec-6] INFO  c.a.f.c.FinancieroController - Solicitud de comparativo financiero para usuario ID: 1
2025-10-20 01:08:49 [http-nio-8090-exec-2] INFO  c.a.f.c.FinancieroController - Solicitud de aportes para usuario ID: 1
2025-10-20 01:08:49 [http-nio-8090-exec-5] INFO  c.a.f.c.FinancieroController - Solicitud de resumen financiero para usuario ID: 1
2025-10-20 01:08:49 [http-nio-8090-exec-9] INFO  c.a.f.c.FinancieroController - Solicitud de saldos para usuario ID: 1
2025-10-20 01:08:49 [http-nio-8090-exec-10] INFO  c.a.f.c.FinancieroController - Solicitud de estadísticas para usuario ID: 1
2025-10-20 01:08:49 [http-nio-8090-exec-9] INFO  c.a.f.c.FinancieroController - Se obtuvieron 2 saldos para usuario ID 1
2025-10-20 01:08:49 [http-nio-8090-exec-2] INFO  c.a.f.c.FinancieroController - Se obtuvieron 26 aportes para usuario ID 1
2025-10-20 01:08:49 [http-nio-8090-exec-5] INFO  c.a.f.c.FinancieroController - Resumen financiero generado correctamente para usuario ID: 1
2025-10-20 01:08:49 [http-nio-8090-exec-6] INFO  c.a.f.c.FinancieroController - Comparativo generado correctamente para usuario ID 1
2025-10-20 01:08:49 [http-nio-8090-exec-10] INFO  c.a.f.c.FinancieroController - Estadísticas generadas correctamente para usuario ID 1
2025-10-20 01:08:50 [http-nio-8090-exec-3] INFO  c.a.f.controller.PensionesController - Solicitando aportes para usuario: 1
2025-10-20 01:08:50 [http-nio-8090-exec-7] INFO  c.a.f.controller.PensionesController - Solicitando estado de pensiones para usuario: 1
2025-10-20 01:08:50 [http-nio-8090-exec-4] INFO  c.a.f.controller.PensionesController - Solicitando saldos para usuario: 1
2025-10-20 01:08:50 [http-nio-8090-exec-1] INFO  c.a.f.controller.PensionesController - Solicitando resumen de pensiones para usuario: 1
2025-10-20 01:08:50 [http-nio-8090-exec-1] INFO  c.a.f.service.PensionesServiceImpl - Generando resumen de pensiones para usuario: 1
2025-10-20 01:08:52 [http-nio-8090-exec-6] INFO  c.a.f.controller.PensionesController - Solicitando estado de pensiones para usuario: 1
2025-10-20 01:08:52 [http-nio-8090-exec-5] INFO  c.a.f.controller.PensionesController - Solicitando aportes para usuario: 1
2025-10-20 01:08:52 [http-nio-8090-exec-9] INFO  c.a.f.controller.PensionesController - Solicitando saldos para usuario: 1
2025-10-20 01:08:52 [http-nio-8090-exec-8] INFO  c.a.f.controller.PensionesController - Solicitando resumen de pensiones para usuario: 1
2025-10-20 01:08:52 [http-nio-8090-exec-8] INFO  c.a.f.service.PensionesServiceImpl - Generando resumen de pensiones para usuario: 1
2025-10-20 01:18:41 [http-nio-8090-exec-6] INFO  c.a.f.controller.PensionesController - Solicitando aportes para usuario: 1
2025-10-20 01:18:41 [http-nio-8090-exec-1] INFO  c.a.f.controller.PensionesController - Solicitando resumen de pensiones para usuario: 1
2025-10-20 01:18:41 [http-nio-8090-exec-1] INFO  c.a.f.service.PensionesServiceImpl - Generando resumen de pensiones para usuario: 1
2025-10-20 01:18:41 [http-nio-8090-exec-9] INFO  c.a.f.controller.PensionesController - Solicitando saldos para usuario: 1
2025-10-20 01:18:41 [http-nio-8090-exec-5] INFO  c.a.f.controller.PensionesController - Solicitando estado de pensiones para usuario: 1
2025-10-20 01:20:04 [http-nio-8090-exec-2] INFO  c.a.f.c.FinancieroController - Solicitud de aportes para usuario ID: 1
2025-10-20 01:20:04 [http-nio-8090-exec-4] INFO  c.a.f.c.FinancieroController - Solicitud de resumen financiero para usuario ID: 1
2025-10-20 01:20:04 [http-nio-8090-exec-2] INFO  c.a.f.c.FinancieroController - Se obtuvieron 26 aportes para usuario ID 1
2025-10-20 01:20:04 [http-nio-8090-exec-6] INFO  c.a.f.c.FinancieroController - Solicitud de comparativo financiero para usuario ID: 1
2025-10-20 01:20:04 [http-nio-8090-exec-1] INFO  c.a.f.c.FinancieroController - Solicitud de saldos para usuario ID: 1
2025-10-20 01:20:04 [http-nio-8090-exec-9] INFO  c.a.f.c.FinancieroController - Solicitud de estadísticas para usuario ID: 1
2025-10-20 01:20:04 [http-nio-8090-exec-4] INFO  c.a.f.c.FinancieroController - Resumen financiero generado correctamente para usuario ID: 1
2025-10-20 01:20:04 [http-nio-8090-exec-1] INFO  c.a.f.c.FinancieroController - Se obtuvieron 2 saldos para usuario ID 1
2025-10-20 01:20:04 [http-nio-8090-exec-6] INFO  c.a.f.c.FinancieroController - Comparativo generado correctamente para usuario ID 1
2025-10-20 01:20:04 [http-nio-8090-exec-9] INFO  c.a.f.c.FinancieroController - Estadísticas generadas correctamente para usuario ID 1
2025-10-20 01:20:05 [http-nio-8090-exec-5] INFO  c.a.f.controller.PensionesController - Solicitando resumen de pensiones para usuario: 1
2025-10-20 01:20:05 [http-nio-8090-exec-5] INFO  c.a.f.service.PensionesServiceImpl - Generando resumen de pensiones para usuario: 1
2025-10-20 01:20:05 [http-nio-8090-exec-8] INFO  c.a.f.controller.PensionesController - Solicitando aportes para usuario: 1
2025-10-20 01:20:05 [http-nio-8090-exec-7] INFO  c.a.f.controller.PensionesController - Solicitando estado de pensiones para usuario: 1
2025-10-20 01:20:05 [http-nio-8090-exec-3] INFO  c.a.f.controller.PensionesController - Solicitando saldos para usuario: 1
2025-10-20 01:20:07 [http-nio-8090-exec-1] INFO  c.a.f.controller.PensionesController - Solicitando estado de pensiones para usuario: 1
2025-10-20 01:20:07 [http-nio-8090-exec-2] INFO  c.a.f.controller.PensionesController - Solicitando saldos para usuario: 1
2025-10-20 01:20:07 [http-nio-8090-exec-10] INFO  c.a.f.controller.PensionesController - Solicitando resumen de pensiones para usuario: 1
2025-10-20 01:20:07 [http-nio-8090-exec-4] INFO  c.a.f.controller.PensionesController - Solicitando aportes para usuario: 1
2025-10-20 01:20:07 [http-nio-8090-exec-10] INFO  c.a.f.service.PensionesServiceImpl - Generando resumen de pensiones para usuario: 1
2025-10-20 23:27:07 [main] INFO  c.a.financiera.FinancieraApplication - Starting FinancieraApplication using Java 21.0.8 with PID 7528 (C:\Users\Orlando\Documents\Backend\financiera\financiera\target\classes started by Orlando in C:\Users\Orlando\Documents\Backend\financiera)
2025-10-20 23:27:07 [main] DEBUG c.a.financiera.FinancieraApplication - Running with Spring Boot v3.5.6, Spring v6.2.11
2025-10-20 23:27:07 [main] INFO  c.a.financiera.FinancieraApplication - No active profile set, falling back to 1 default profile: "default"
2025-10-20 23:27:12 [main] INFO  c.a.financiera.FinancieraApplication - Started FinancieraApplication in 5.444 seconds (process running for 5.827)
2025-10-20 23:27:21 [http-nio-8090-exec-2] INFO  c.a.f.controller.UsuarioController - Intento de login con DNI: 12345678
2025-10-20 23:27:21 [http-nio-8090-exec-2] INFO  c.a.f.controller.UsuarioController - Login exitoso para usuario: Carlos Mendoza
2025-10-20 23:27:24 [http-nio-8090-exec-3] INFO  c.a.f.c.FinancieroController - Solicitud de estadísticas para usuario ID: 1
2025-10-20 23:27:24 [http-nio-8090-exec-6] INFO  c.a.f.c.FinancieroController - Solicitud de resumen financiero para usuario ID: 1
2025-10-20 23:27:24 [http-nio-8090-exec-4] INFO  c.a.f.c.FinancieroController - Solicitud de comparativo financiero para usuario ID: 1
2025-10-20 23:27:24 [http-nio-8090-exec-5] INFO  c.a.f.c.FinancieroController - Solicitud de saldos para usuario ID: 1
2025-10-20 23:27:24 [http-nio-8090-exec-7] INFO  c.a.f.c.FinancieroController - Solicitud de aportes para usuario ID: 1
2025-10-20 23:27:24 [http-nio-8090-exec-7] INFO  c.a.f.c.FinancieroController - Se obtuvieron 26 aportes para usuario ID 1
2025-10-20 23:27:24 [http-nio-8090-exec-5] INFO  c.a.f.c.FinancieroController - Se obtuvieron 2 saldos para usuario ID 1
2025-10-20 23:27:24 [http-nio-8090-exec-4] INFO  c.a.f.c.FinancieroController - Comparativo generado correctamente para usuario ID 1
2025-10-20 23:27:24 [http-nio-8090-exec-6] INFO  c.a.f.c.FinancieroController - Resumen financiero generado correctamente para usuario ID: 1
2025-10-20 23:27:24 [http-nio-8090-exec-3] INFO  c.a.f.c.FinancieroController - Estadísticas generadas correctamente para usuario ID 1
2025-10-20 23:27:29 [http-nio-8090-exec-7] INFO  c.a.f.c.AdminUsuarioController - Listando usuarios - Búsqueda: null, Estado: null
2025-10-20 23:27:31 [http-nio-8090-exec-3] INFO  c.a.f.controller.AdminAfpController - Listando AFPs - Búsqueda: null, Estado: null
2025-10-20 23:27:32 [http-nio-8090-exec-5] INFO  c.a.f.c.AdminUsuarioController - Listando usuarios - Búsqueda: null, Estado: null
2025-10-20 23:27:32 [http-nio-8090-exec-1] INFO  c.a.f.controller.AdminAfpController - Listando AFPs - Búsqueda: null, Estado: null
2025-10-20 23:27:35 [http-nio-8090-exec-8] INFO  c.a.f.c.AdminUsuarioController - Listando usuarios - Búsqueda: null, Estado: null
